2025-10-15 15:16:30,117 - INFO - Loading topology data from: outputs_final\incremental_topology.json
2025-10-15 15:16:30,118 - INFO - Found 1 applications in topology
2025-10-15 15:16:30,118 - INFO - Output directory: outputs_final\word_reports\threat_surface
2025-10-15 15:16:30,134 - INFO - Generating threat surface document for: ACDA
2025-10-15 15:34:36,245 - INFO - Loading topology data from: outputs_final\incremental_topology.json
2025-10-15 15:34:36,246 - INFO - Found 1 applications in topology
2025-10-15 15:34:36,246 - INFO - Output directory: outputs_final\word_reports\threat_surface
2025-10-15 15:34:36,260 - INFO - Generating threat surface document for: ACDA
2025-10-15 15:38:45,668 - INFO - Loading topology data from: outputs_final\incremental_topology.json
2025-10-15 15:38:45,669 - INFO - Found 1 applications in topology
2025-10-15 15:38:45,669 - INFO - Output directory: outputs_final\word_reports\threat_surface
2025-10-15 15:38:45,682 - INFO - Generating threat surface document for: ACDA
2025-10-17 14:45:02,848 - INFO - Loading topology data from: persistent_data\master_topology.json
2025-10-17 14:45:02,853 - INFO - Found 140 applications in topology
2025-10-17 14:45:02,853 - INFO - Output directory: outputs_final\word_reports\threat_surface
2025-10-17 14:45:02,862 - INFO - Generating threat surface document for: ACDA
2025-10-17 14:45:03,172 - INFO - [OK] Threat surface document saved: outputs_final\word_reports\threat_surface\ThreatSurface-ACDA.docx
2025-10-17 14:45:03,180 - INFO - Generating threat surface document for: ALE
2025-10-17 14:45:03,499 - INFO - [OK] Threat surface document saved: outputs_final\word_reports\threat_surface\ThreatSurface-ALE.docx
2025-10-17 14:45:03,510 - INFO - Generating threat surface document for: AODSVY
2025-10-17 14:45:03,808 - INFO - [OK] Threat surface document saved: outputs_final\word_reports\threat_surface\ThreatSurface-AODSVY.docx
2025-10-17 14:45:03,816 - INFO - Generating threat surface document for: APSE
2025-10-17 14:45:04,141 - INFO - [OK] Threat surface document saved: outputs_final\word_reports\threat_surface\ThreatSurface-APSE.docx
2025-10-17 14:45:04,149 - INFO - Generating threat surface document for: ARA
2025-10-17 14:45:04,500 - INFO - [OK] Threat surface document saved: outputs_final\word_reports\threat_surface\ThreatSurface-ARA.docx
2025-10-17 14:45:04,508 - INFO - Generating threat surface document for: AV
2025-10-17 14:45:04,815 - INFO - [OK] Threat surface document saved: outputs_final\word_reports\threat_surface\ThreatSurface-AV.docx
2025-10-17 14:45:04,826 - INFO - Generating threat surface document for: BCA
2025-10-17 14:45:05,178 - INFO - [OK] Threat surface document saved: outputs_final\word_reports\threat_surface\ThreatSurface-BCA.docx
2025-10-17 14:45:05,187 - INFO - Generating threat surface document for: BKO
2025-10-17 14:45:05,494 - INFO - [OK] Threat surface document saved: outputs_final\word_reports\threat_surface\ThreatSurface-BKO.docx
2025-10-17 14:45:05,505 - INFO - Generating threat surface document for: BLND
2025-10-17 14:45:05,826 - INFO - [OK] Threat surface document saved: outputs_final\word_reports\threat_surface\ThreatSurface-BLND.docx
2025-10-17 14:45:05,837 - INFO - Generating threat surface document for: BLZD
2025-10-17 14:45:06,152 - INFO - [OK] Threat surface document saved: outputs_final\word_reports\threat_surface\ThreatSurface-BLZD.docx
2025-10-17 14:45:06,161 - INFO - Generating threat surface document for: BLZE
2025-10-17 14:45:06,483 - INFO - [OK] Threat surface document saved: outputs_final\word_reports\threat_surface\ThreatSurface-BLZE.docx
2025-10-17 14:45:06,492 - INFO - Generating threat surface document for: BM
2025-10-17 14:45:06,797 - INFO - [OK] Threat surface document saved: outputs_final\word_reports\threat_surface\ThreatSurface-BM.docx
2025-10-17 14:45:06,808 - INFO - Generating threat surface document for: BO
2025-10-17 14:45:07,144 - INFO - [OK] Threat surface document saved: outputs_final\word_reports\threat_surface\ThreatSurface-BO.docx
2025-10-17 14:45:07,159 - INFO - Generating threat surface document for: BOD
2025-10-17 14:45:07,506 - INFO - [OK] Threat surface document saved: outputs_final\word_reports\threat_surface\ThreatSurface-BOD.docx
2025-10-17 14:45:07,515 - INFO - Generating threat surface document for: BP
2025-10-17 14:45:07,817 - INFO - [OK] Threat surface document saved: outputs_final\word_reports\threat_surface\ThreatSurface-BP.docx
2025-10-17 14:45:07,828 - INFO - Generating threat surface document for: BTIF
2025-10-17 14:45:08,125 - INFO - [OK] Threat surface document saved: outputs_final\word_reports\threat_surface\ThreatSurface-BTIF.docx
2025-10-17 14:45:08,137 - INFO - Generating threat surface document for: BW
2025-10-17 14:45:08,446 - INFO - [OK] Threat surface document saved: outputs_final\word_reports\threat_surface\ThreatSurface-BW.docx
2025-10-17 14:45:08,456 - INFO - Generating threat surface document for: BX
2025-10-17 14:45:08,784 - INFO - [OK] Threat surface document saved: outputs_final\word_reports\threat_surface\ThreatSurface-BX.docx
2025-10-17 14:45:08,793 - INFO - Generating threat surface document for: CACS
2025-10-17 14:45:09,119 - INFO - [OK] Threat surface document saved: outputs_final\word_reports\threat_surface\ThreatSurface-CACS.docx
2025-10-17 14:45:09,130 - INFO - Generating threat surface document for: CAP
2025-10-17 14:45:09,459 - INFO - [OK] Threat surface document saved: outputs_final\word_reports\threat_surface\ThreatSurface-CAP.docx
2025-10-17 14:45:09,471 - INFO - Generating threat surface document for: CCA
2025-10-17 14:45:09,809 - INFO - [OK] Threat surface document saved: outputs_final\word_reports\threat_surface\ThreatSurface-CCA.docx
2025-10-17 14:45:09,818 - INFO - Generating threat surface document for: CCLTR
2025-10-17 14:45:10,132 - INFO - [OK] Threat surface document saved: outputs_final\word_reports\threat_surface\ThreatSurface-CCLTR.docx
2025-10-17 14:45:10,141 - INFO - Generating threat surface document for: CCPA
2025-10-17 14:45:10,437 - INFO - [OK] Threat surface document saved: outputs_final\word_reports\threat_surface\ThreatSurface-CCPA.docx
2025-10-17 14:45:10,451 - INFO - Generating threat surface document for: CCS
2025-10-17 14:45:10,775 - INFO - [OK] Threat surface document saved: outputs_final\word_reports\threat_surface\ThreatSurface-CCS.docx
2025-10-17 14:45:10,784 - INFO - Generating threat surface document for: CDSA
2025-10-17 14:45:11,096 - INFO - [OK] Threat surface document saved: outputs_final\word_reports\threat_surface\ThreatSurface-CDSA.docx
2025-10-17 14:45:11,109 - INFO - Generating threat surface document for: CIRA
2025-10-17 14:45:11,432 - INFO - [OK] Threat surface document saved: outputs_final\word_reports\threat_surface\ThreatSurface-CIRA.docx
2025-10-17 14:45:11,442 - INFO - Generating threat surface document for: CLSP
2025-10-17 14:45:11,771 - INFO - [OK] Threat surface document saved: outputs_final\word_reports\threat_surface\ThreatSurface-CLSP.docx
2025-10-17 14:45:11,780 - INFO - Generating threat surface document for: CMAR
2025-10-17 14:45:12,139 - INFO - [OK] Threat surface document saved: outputs_final\word_reports\threat_surface\ThreatSurface-CMAR.docx
2025-10-17 14:45:12,150 - INFO - Generating threat surface document for: CNET
2025-10-17 14:45:12,444 - INFO - [OK] Threat surface document saved: outputs_final\word_reports\threat_surface\ThreatSurface-CNET.docx
2025-10-17 14:45:12,457 - INFO - Generating threat surface document for: CP
2025-10-17 14:45:12,756 - INFO - [OK] Threat surface document saved: outputs_final\word_reports\threat_surface\ThreatSurface-CP.docx
2025-10-17 14:45:12,764 - INFO - Generating threat surface document for: CRECL
2025-10-17 14:45:13,069 - INFO - [OK] Threat surface document saved: outputs_final\word_reports\threat_surface\ThreatSurface-CRECL.docx
2025-10-17 14:45:13,079 - INFO - Generating threat surface document for: CSAA
2025-10-17 14:45:13,407 - INFO - [OK] Threat surface document saved: outputs_final\word_reports\threat_surface\ThreatSurface-CSAA.docx
2025-10-17 14:45:13,416 - INFO - Generating threat surface document for: CSAS
2025-10-17 14:45:13,740 - INFO - [OK] Threat surface document saved: outputs_final\word_reports\threat_surface\ThreatSurface-CSAS.docx
2025-10-17 14:45:13,748 - INFO - Generating threat surface document for: CT
2025-10-17 14:45:14,052 - INFO - [OK] Threat surface document saved: outputs_final\word_reports\threat_surface\ThreatSurface-CT.docx
2025-10-17 14:45:14,063 - INFO - Generating threat surface document for: CV
2025-10-17 14:45:14,386 - INFO - [OK] Threat surface document saved: outputs_final\word_reports\threat_surface\ThreatSurface-CV.docx
2025-10-17 14:45:14,396 - INFO - Generating threat surface document for: CXI
2025-10-17 14:45:14,731 - INFO - [OK] Threat surface document saved: outputs_final\word_reports\threat_surface\ThreatSurface-CXI.docx
2025-10-17 14:45:14,740 - INFO - Generating threat surface document for: CXSI
2025-10-17 14:45:15,049 - INFO - [OK] Threat surface document saved: outputs_final\word_reports\threat_surface\ThreatSurface-CXSI.docx
2025-10-17 14:45:15,063 - INFO - Generating threat surface document for: DAD
2025-10-17 14:45:15,385 - INFO - [OK] Threat surface document saved: outputs_final\word_reports\threat_surface\ThreatSurface-DAD.docx
2025-10-17 14:45:15,398 - INFO - Generating threat surface document for: DCDPP
2025-10-17 14:45:15,727 - INFO - [OK] Threat surface document saved: outputs_final\word_reports\threat_surface\ThreatSurface-DCDPP.docx
2025-10-17 14:45:15,734 - INFO - Generating threat surface document for: DCIDM
2025-10-17 14:45:16,052 - INFO - [OK] Threat surface document saved: outputs_final\word_reports\threat_surface\ThreatSurface-DCIDM.docx
2025-10-17 14:45:16,060 - INFO - Generating threat surface document for: DCIFI
2025-10-17 14:45:16,371 - INFO - [OK] Threat surface document saved: outputs_final\word_reports\threat_surface\ThreatSurface-DCIFI.docx
2025-10-17 14:45:16,380 - INFO - Generating threat surface document for: DG
2025-10-17 14:45:16,706 - INFO - [OK] Threat surface document saved: outputs_final\word_reports\threat_surface\ThreatSurface-DG.docx
2025-10-17 14:45:16,715 - INFO - Generating threat surface document for: DM
2025-10-17 14:45:17,040 - INFO - [OK] Threat surface document saved: outputs_final\word_reports\threat_surface\ThreatSurface-DM.docx
2025-10-17 14:45:17,048 - INFO - Generating threat surface document for: DM_BAP
2025-10-17 14:45:17,373 - INFO - [OK] Threat surface document saved: outputs_final\word_reports\threat_surface\ThreatSurface-DM_BAP.docx
2025-10-17 14:45:17,382 - INFO - Generating threat surface document for: DM_BLZE
2025-10-17 14:45:17,712 - INFO - [OK] Threat surface document saved: outputs_final\word_reports\threat_surface\ThreatSurface-DM_BLZE.docx
2025-10-17 14:45:17,722 - INFO - Generating threat surface document for: DM_CCRMBZ
2025-10-17 14:45:18,128 - INFO - [OK] Threat surface document saved: outputs_final\word_reports\threat_surface\ThreatSurface-DM_CCRMBZ.docx
2025-10-17 14:45:18,139 - INFO - Generating threat surface document for: DM_CMDAT
2025-10-17 14:45:18,553 - INFO - [OK] Threat surface document saved: outputs_final\word_reports\threat_surface\ThreatSurface-DM_CMDAT.docx
2025-10-17 14:45:18,573 - INFO - Generating threat surface document for: DM_CMDF
2025-10-17 14:45:18,909 - INFO - [OK] Threat surface document saved: outputs_final\word_reports\threat_surface\ThreatSurface-DM_CMDF.docx
2025-10-17 14:45:18,922 - INFO - Generating threat surface document for: DM_CMRDB
2025-10-17 14:45:19,247 - INFO - [OK] Threat surface document saved: outputs_final\word_reports\threat_surface\ThreatSurface-DM_CMRDB.docx
2025-10-17 14:45:19,256 - INFO - Generating threat surface document for: DM_CMREG
2025-10-17 14:45:19,582 - INFO - [OK] Threat surface document saved: outputs_final\word_reports\threat_surface\ThreatSurface-DM_CMREG.docx
2025-10-17 14:45:19,591 - INFO - Generating threat surface document for: DM_CORD
2025-10-17 14:45:19,941 - INFO - [OK] Threat surface document saved: outputs_final\word_reports\threat_surface\ThreatSurface-DM_CORD.docx
2025-10-17 14:45:19,955 - INFO - Generating threat surface document for: DM_DNCCW
2025-10-17 14:45:20,282 - INFO - [OK] Threat surface document saved: outputs_final\word_reports\threat_surface\ThreatSurface-DM_DNCCW.docx
2025-10-17 14:45:20,293 - INFO - Generating threat surface document for: DM_LEDAT
2025-10-17 14:45:20,598 - INFO - [OK] Threat surface document saved: outputs_final\word_reports\threat_surface\ThreatSurface-DM_LEDAT.docx
2025-10-17 14:45:20,607 - INFO - Generating threat surface document for: DM_RDOM
2025-10-17 14:45:20,907 - INFO - [OK] Threat surface document saved: outputs_final\word_reports\threat_surface\ThreatSurface-DM_RDOM.docx
2025-10-17 14:45:20,915 - INFO - Generating threat surface document for: DM_SBADJ
2025-10-17 14:45:21,249 - INFO - [OK] Threat surface document saved: outputs_final\word_reports\threat_surface\ThreatSurface-DM_SBADJ.docx
2025-10-17 14:45:21,258 - INFO - Generating threat surface document for: DM_WMAHR
2025-10-17 14:45:21,542 - INFO - [OK] Threat surface document saved: outputs_final\word_reports\threat_surface\ThreatSurface-DM_WMAHR.docx
2025-10-17 14:45:21,556 - INFO - Generating threat surface document for: DNACA
2025-10-17 14:45:21,850 - INFO - [OK] Threat surface document saved: outputs_final\word_reports\threat_surface\ThreatSurface-DNACA.docx
2025-10-17 14:45:21,860 - INFO - Generating threat surface document for: DNADP
2025-10-17 14:45:22,145 - INFO - [OK] Threat surface document saved: outputs_final\word_reports\threat_surface\ThreatSurface-DNADP.docx
2025-10-17 14:45:22,152 - INFO - Generating threat surface document for: DNAEP
2025-10-17 14:45:22,464 - INFO - [OK] Threat surface document saved: outputs_final\word_reports\threat_surface\ThreatSurface-DNAEP.docx
2025-10-17 14:45:22,474 - INFO - Generating threat surface document for: DNAGR
2025-10-17 14:45:22,756 - INFO - [OK] Threat surface document saved: outputs_final\word_reports\threat_surface\ThreatSurface-DNAGR.docx
2025-10-17 14:45:22,767 - INFO - Generating threat surface document for: DNASA
2025-10-17 14:45:23,132 - INFO - [OK] Threat surface document saved: outputs_final\word_reports\threat_surface\ThreatSurface-DNASA.docx
2025-10-17 14:45:23,142 - INFO - Generating threat surface document for: DNBCI
2025-10-17 14:45:23,457 - INFO - [OK] Threat surface document saved: outputs_final\word_reports\threat_surface\ThreatSurface-DNBCI.docx
2025-10-17 14:45:23,468 - INFO - Generating threat surface document for: DNBIT
2025-10-17 14:45:23,780 - INFO - [OK] Threat surface document saved: outputs_final\word_reports\threat_surface\ThreatSurface-DNBIT.docx
2025-10-17 14:45:23,790 - INFO - Generating threat surface document for: DNBLC
2025-10-17 14:45:24,129 - INFO - [OK] Threat surface document saved: outputs_final\word_reports\threat_surface\ThreatSurface-DNBLC.docx
2025-10-17 14:45:24,140 - INFO - Generating threat surface document for: DNBRI
2025-10-17 14:45:24,525 - INFO - [OK] Threat surface document saved: outputs_final\word_reports\threat_surface\ThreatSurface-DNBRI.docx
2025-10-17 14:45:24,536 - INFO - Generating threat surface document for: DNBUH
2025-10-17 14:45:24,889 - INFO - [OK] Threat surface document saved: outputs_final\word_reports\threat_surface\ThreatSurface-DNBUH.docx
2025-10-17 14:45:24,902 - INFO - Generating threat surface document for: DNCAC
2025-10-17 14:45:25,217 - INFO - [OK] Threat surface document saved: outputs_final\word_reports\threat_surface\ThreatSurface-DNCAC.docx
2025-10-17 14:45:25,228 - INFO - Generating threat surface document for: DNCCL
2025-10-17 14:45:25,548 - INFO - [OK] Threat surface document saved: outputs_final\word_reports\threat_surface\ThreatSurface-DNCCL.docx
2025-10-17 14:45:25,559 - INFO - Generating threat surface document for: DNCCO
2025-10-17 14:45:25,887 - INFO - [OK] Threat surface document saved: outputs_final\word_reports\threat_surface\ThreatSurface-DNCCO.docx
2025-10-17 14:45:25,897 - INFO - Generating threat surface document for: DNCCS
2025-10-17 14:45:26,224 - INFO - [OK] Threat surface document saved: outputs_final\word_reports\threat_surface\ThreatSurface-DNCCS.docx
2025-10-17 14:45:26,232 - INFO - Generating threat surface document for: DNCCW
2025-10-17 14:45:26,533 - INFO - [OK] Threat surface document saved: outputs_final\word_reports\threat_surface\ThreatSurface-DNCCW.docx
2025-10-17 14:45:26,547 - INFO - Generating threat surface document for: DNCER
2025-10-17 14:45:26,893 - INFO - [OK] Threat surface document saved: outputs_final\word_reports\threat_surface\ThreatSurface-DNCER.docx
2025-10-17 14:45:26,903 - INFO - Generating threat surface document for: DNCIT
2025-10-17 14:45:27,184 - INFO - [OK] Threat surface document saved: outputs_final\word_reports\threat_surface\ThreatSurface-DNCIT.docx
2025-10-17 14:45:27,193 - INFO - Generating threat surface document for: DNCOR
2025-10-17 14:45:27,514 - INFO - [OK] Threat surface document saved: outputs_final\word_reports\threat_surface\ThreatSurface-DNCOR.docx
2025-10-17 14:45:27,531 - INFO - Generating threat surface document for: DNCWS
2025-10-17 14:45:27,835 - INFO - [OK] Threat surface document saved: outputs_final\word_reports\threat_surface\ThreatSurface-DNCWS.docx
2025-10-17 14:45:27,848 - INFO - Generating threat surface document for: DNDNS
2025-10-17 14:45:28,183 - INFO - [OK] Threat surface document saved: outputs_final\word_reports\threat_surface\ThreatSurface-DNDNS.docx
2025-10-17 14:45:28,193 - INFO - Generating threat surface document for: DNENG
2025-10-17 14:45:28,493 - INFO - [OK] Threat surface document saved: outputs_final\word_reports\threat_surface\ThreatSurface-DNENG.docx
2025-10-17 14:45:28,502 - INFO - Generating threat surface document for: DNESR
2025-10-17 14:45:28,811 - INFO - [OK] Threat surface document saved: outputs_final\word_reports\threat_surface\ThreatSurface-DNESR.docx
2025-10-17 14:45:28,820 - INFO - Generating threat surface document for: DNGCM
2025-10-17 14:45:29,137 - INFO - [OK] Threat surface document saved: outputs_final\word_reports\threat_surface\ThreatSurface-DNGCM.docx
2025-10-17 14:45:29,151 - INFO - Generating threat surface document for: DNGFC
2025-10-17 14:45:29,463 - INFO - [OK] Threat surface document saved: outputs_final\word_reports\threat_surface\ThreatSurface-DNGFC.docx
2025-10-17 14:45:29,471 - INFO - Generating threat surface document for: DNHRT
2025-10-17 14:45:29,786 - INFO - [OK] Threat surface document saved: outputs_final\word_reports\threat_surface\ThreatSurface-DNHRT.docx
2025-10-17 14:45:29,796 - INFO - Generating threat surface document for: DNIBS
2025-10-17 14:45:30,078 - INFO - [OK] Threat surface document saved: outputs_final\word_reports\threat_surface\ThreatSurface-DNIBS.docx
2025-10-17 14:45:30,088 - INFO - Generating threat surface document for: DNIDE
2025-10-17 14:45:30,385 - INFO - [OK] Threat surface document saved: outputs_final\word_reports\threat_surface\ThreatSurface-DNIDE.docx
2025-10-17 14:45:30,394 - INFO - Generating threat surface document for: DNINR
2025-10-17 14:45:30,746 - INFO - [OK] Threat surface document saved: outputs_final\word_reports\threat_surface\ThreatSurface-DNINR.docx
2025-10-17 14:45:30,760 - INFO - Generating threat surface document for: DNINT
2025-10-17 14:45:31,053 - INFO - [OK] Threat surface document saved: outputs_final\word_reports\threat_surface\ThreatSurface-DNINT.docx
2025-10-17 14:45:31,063 - INFO - Generating threat surface document for: DNINV
2025-10-17 14:45:31,372 - INFO - [OK] Threat surface document saved: outputs_final\word_reports\threat_surface\ThreatSurface-DNINV.docx
2025-10-17 14:45:31,383 - INFO - Generating threat surface document for: DNLDS
2025-10-17 14:45:31,850 - INFO - [OK] Threat surface document saved: outputs_final\word_reports\threat_surface\ThreatSurface-DNLDS.docx
2025-10-17 14:45:31,861 - INFO - Generating threat surface document for: DNLOC
2025-10-17 14:45:32,173 - INFO - [OK] Threat surface document saved: outputs_final\word_reports\threat_surface\ThreatSurface-DNLOC.docx
2025-10-17 14:45:32,184 - INFO - Generating threat surface document for: DNMCM
2025-10-17 14:45:32,479 - INFO - [OK] Threat surface document saved: outputs_final\word_reports\threat_surface\ThreatSurface-DNMCM.docx
2025-10-17 14:45:32,487 - INFO - Generating threat surface document for: DNMET
2025-10-17 14:45:32,786 - INFO - [OK] Threat surface document saved: outputs_final\word_reports\threat_surface\ThreatSurface-DNMET.docx
2025-10-17 14:45:32,798 - INFO - Generating threat surface document for: DNMLO
2025-10-17 14:45:33,142 - INFO - [OK] Threat surface document saved: outputs_final\word_reports\threat_surface\ThreatSurface-DNMLO.docx
2025-10-17 14:45:33,156 - INFO - Generating threat surface document for: DNMMZ
2025-10-17 14:45:33,483 - INFO - [OK] Threat surface document saved: outputs_final\word_reports\threat_surface\ThreatSurface-DNMMZ.docx
2025-10-17 14:45:33,490 - INFO - Generating threat surface document for: DNPGR
2025-10-17 14:45:33,884 - INFO - [OK] Threat surface document saved: outputs_final\word_reports\threat_surface\ThreatSurface-DNPGR.docx
2025-10-17 14:45:33,893 - INFO - Generating threat surface document for: DNRAS
2025-10-17 14:45:34,199 - INFO - [OK] Threat surface document saved: outputs_final\word_reports\threat_surface\ThreatSurface-DNRAS.docx
2025-10-17 14:45:34,206 - INFO - Generating threat surface document for: DNRCB
2025-10-17 14:45:34,515 - INFO - [OK] Threat surface document saved: outputs_final\word_reports\threat_surface\ThreatSurface-DNRCB.docx
2025-10-17 14:45:34,524 - INFO - Generating threat surface document for: DNRCT
2025-10-17 14:45:34,842 - INFO - [OK] Threat surface document saved: outputs_final\word_reports\threat_surface\ThreatSurface-DNRCT.docx
2025-10-17 14:45:34,852 - INFO - Generating threat surface document for: DNREP
2025-10-17 14:45:35,175 - INFO - [OK] Threat surface document saved: outputs_final\word_reports\threat_surface\ThreatSurface-DNREP.docx
2025-10-17 14:45:35,185 - INFO - Generating threat surface document for: DNRGE
2025-10-17 14:45:35,488 - INFO - [OK] Threat surface document saved: outputs_final\word_reports\threat_surface\ThreatSurface-DNRGE.docx
2025-10-17 14:45:35,496 - INFO - Generating threat surface document for: DNROM
2025-10-17 14:45:35,820 - INFO - [OK] Threat surface document saved: outputs_final\word_reports\threat_surface\ThreatSurface-DNROM.docx
2025-10-17 14:45:35,829 - INFO - Generating threat surface document for: DNRVS
2025-10-17 14:45:36,163 - INFO - [OK] Threat surface document saved: outputs_final\word_reports\threat_surface\ThreatSurface-DNRVS.docx
2025-10-17 14:45:36,175 - INFO - Generating threat surface document for: DNSBT
2025-10-17 14:45:36,525 - INFO - [OK] Threat surface document saved: outputs_final\word_reports\threat_surface\ThreatSurface-DNSBT.docx
2025-10-17 14:45:36,535 - INFO - Generating threat surface document for: DNSCC
2025-10-17 14:45:36,890 - INFO - [OK] Threat surface document saved: outputs_final\word_reports\threat_surface\ThreatSurface-DNSCC.docx
2025-10-17 14:45:36,902 - INFO - Generating threat surface document for: DNSCH
2025-10-17 14:45:37,229 - INFO - [OK] Threat surface document saved: outputs_final\word_reports\threat_surface\ThreatSurface-DNSCH.docx
2025-10-17 14:45:37,239 - INFO - Generating threat surface document for: DNTCB
2025-10-17 14:45:37,570 - INFO - [OK] Threat surface document saved: outputs_final\word_reports\threat_surface\ThreatSurface-DNTCB.docx
2025-10-17 14:45:37,580 - INFO - Generating threat surface document for: DNTCM
2025-10-17 14:45:37,896 - INFO - [OK] Threat surface document saved: outputs_final\word_reports\threat_surface\ThreatSurface-DNTCM.docx
2025-10-17 14:45:37,906 - INFO - Generating threat surface document for: DNWHO
2025-10-17 14:45:38,204 - INFO - [OK] Threat surface document saved: outputs_final\word_reports\threat_surface\ThreatSurface-DNWHO.docx
2025-10-17 14:45:38,215 - INFO - Generating threat surface document for: DNWHS
2025-10-17 14:45:38,716 - INFO - [OK] Threat surface document saved: outputs_final\word_reports\threat_surface\ThreatSurface-DNWHS.docx
2025-10-17 14:45:38,732 - INFO - Generating threat surface document for: DNZEL
2025-10-17 14:45:39,162 - INFO - [OK] Threat surface document saved: outputs_final\word_reports\threat_surface\ThreatSurface-DNZEL.docx
2025-10-17 14:45:39,171 - INFO - Generating threat surface document for: DPAPI
2025-10-17 14:45:39,529 - INFO - [OK] Threat surface document saved: outputs_final\word_reports\threat_surface\ThreatSurface-DPAPI.docx
2025-10-17 14:45:39,545 - INFO - Generating threat surface document for: DSAA
2025-10-17 14:45:39,949 - INFO - [OK] Threat surface document saved: outputs_final\word_reports\threat_surface\ThreatSurface-DSAA.docx
2025-10-17 14:45:39,965 - INFO - Generating threat surface document for: ECL
2025-10-17 14:45:40,463 - INFO - [OK] Threat surface document saved: outputs_final\word_reports\threat_surface\ThreatSurface-ECL.docx
2025-10-17 14:45:40,476 - INFO - Generating threat surface document for: EFW
2025-10-17 14:45:40,764 - INFO - [OK] Threat surface document saved: outputs_final\word_reports\threat_surface\ThreatSurface-EFW.docx
2025-10-17 14:45:40,773 - INFO - Generating threat surface document for: EM
2025-10-17 14:45:41,093 - INFO - [OK] Threat surface document saved: outputs_final\word_reports\threat_surface\ThreatSurface-EM.docx
2025-10-17 14:45:41,101 - INFO - Generating threat surface document for: EMDS
2025-10-17 14:45:41,503 - INFO - [OK] Threat surface document saved: outputs_final\word_reports\threat_surface\ThreatSurface-EMDS.docx
2025-10-17 14:45:41,512 - INFO - Generating threat surface document for: EMGR
2025-10-17 14:45:41,845 - INFO - [OK] Threat surface document saved: outputs_final\word_reports\threat_surface\ThreatSurface-EMGR.docx
2025-10-17 14:45:41,853 - INFO - Generating threat surface document for: END
2025-10-17 14:45:42,176 - INFO - [OK] Threat surface document saved: outputs_final\word_reports\threat_surface\ThreatSurface-END.docx
2025-10-17 14:45:42,185 - INFO - Generating threat surface document for: ENDNC
2025-10-17 14:45:42,541 - INFO - [OK] Threat surface document saved: outputs_final\word_reports\threat_surface\ThreatSurface-ENDNC.docx
2025-10-17 14:45:42,551 - INFO - Generating threat surface document for: ERCPT
2025-10-17 14:45:42,866 - INFO - [OK] Threat surface document saved: outputs_final\word_reports\threat_surface\ThreatSurface-ERCPT.docx
2025-10-17 14:45:42,877 - INFO - Generating threat surface document for: FAAR
2025-10-17 14:45:43,211 - INFO - [OK] Threat surface document saved: outputs_final\word_reports\threat_surface\ThreatSurface-FAAR.docx
2025-10-17 14:45:43,221 - INFO - Generating threat surface document for: FG
2025-10-17 14:45:43,659 - INFO - [OK] Threat surface document saved: outputs_final\word_reports\threat_surface\ThreatSurface-FG.docx
2025-10-17 14:45:43,666 - INFO - Generating threat surface document for: FICPM
2025-10-17 14:45:43,959 - INFO - [OK] Threat surface document saved: outputs_final\word_reports\threat_surface\ThreatSurface-FICPM.docx
2025-10-17 14:45:43,968 - INFO - Generating threat surface document for: FIMSP
2025-10-17 14:45:44,271 - INFO - [OK] Threat surface document saved: outputs_final\word_reports\threat_surface\ThreatSurface-FIMSP.docx
2025-10-17 14:45:44,283 - INFO - Generating threat surface document for: FM
2025-10-17 14:45:44,616 - INFO - [OK] Threat surface document saved: outputs_final\word_reports\threat_surface\ThreatSurface-FM.docx
2025-10-17 14:45:44,626 - INFO - Generating threat surface document for: I3SQL
2025-10-17 14:45:44,915 - INFO - [OK] Threat surface document saved: outputs_final\word_reports\threat_surface\ThreatSurface-I3SQL.docx
2025-10-17 14:45:44,925 - INFO - Generating threat surface document for: IA
2025-10-17 14:45:45,238 - INFO - [OK] Threat surface document saved: outputs_final\word_reports\threat_surface\ThreatSurface-IA.docx
2025-10-17 14:45:45,247 - INFO - Generating threat surface document for: IB
2025-10-17 14:45:45,540 - INFO - [OK] Threat surface document saved: outputs_final\word_reports\threat_surface\ThreatSurface-IB.docx
2025-10-17 14:45:45,548 - INFO - Generating threat surface document for: IMGVF
2025-10-17 14:45:45,839 - INFO - [OK] Threat surface document saved: outputs_final\word_reports\threat_surface\ThreatSurface-IMGVF.docx
2025-10-17 14:45:45,852 - INFO - Generating threat surface document for: ITR
2025-10-17 14:45:46,184 - INFO - [OK] Threat surface document saved: outputs_final\word_reports\threat_surface\ThreatSurface-ITR.docx
2025-10-17 14:45:46,195 - INFO - Generating threat surface document for: IV
2025-10-17 14:45:46,488 - INFO - [OK] Threat surface document saved: outputs_final\word_reports\threat_surface\ThreatSurface-IV.docx
2025-10-17 14:45:46,499 - INFO - Generating threat surface document for: IVGBU
2025-10-17 14:45:46,835 - INFO - [OK] Threat surface document saved: outputs_final\word_reports\threat_surface\ThreatSurface-IVGBU.docx
2025-10-17 14:45:46,845 - INFO - Generating threat surface document for: IVR
2025-10-17 14:45:47,205 - INFO - [OK] Threat surface document saved: outputs_final\word_reports\threat_surface\ThreatSurface-IVR.docx
2025-10-17 14:45:47,215 - INFO - Generating threat surface document for: IVRMC
2025-10-17 14:45:47,569 - INFO - [OK] Threat surface document saved: outputs_final\word_reports\threat_surface\ThreatSurface-IVRMC.docx
2025-10-17 14:45:47,582 - INFO - Generating threat surface document for: IW
2025-10-17 14:45:47,915 - INFO - [OK] Threat surface document saved: outputs_final\word_reports\threat_surface\ThreatSurface-IW.docx
2025-10-17 14:45:47,925 - INFO - Generating threat surface document for: IWDE
2025-10-17 14:45:48,246 - INFO - [OK] Threat surface document saved: outputs_final\word_reports\threat_surface\ThreatSurface-IWDE.docx
2025-10-17 14:45:48,256 - INFO - Generating threat surface document for: IX
2025-10-17 14:45:48,564 - INFO - [OK] Threat surface document saved: outputs_final\word_reports\threat_surface\ThreatSurface-IX.docx
2025-10-17 14:45:48,573 - INFO - Generating threat surface document for: IXCI
2025-10-17 14:45:48,878 - INFO - [OK] Threat surface document saved: outputs_final\word_reports\threat_surface\ThreatSurface-IXCI.docx
2025-10-17 14:45:48,887 - INFO - Generating threat surface document for: IXOF
2025-10-17 14:45:49,219 - INFO - [OK] Threat surface document saved: outputs_final\word_reports\threat_surface\ThreatSurface-IXOF.docx
2025-10-17 14:45:49,232 - INFO - Generating threat surface document for: LB
2025-10-17 14:45:49,559 - INFO - [OK] Threat surface document saved: outputs_final\word_reports\threat_surface\ThreatSurface-LB.docx
2025-10-17 14:45:49,568 - INFO - Generating threat surface document for: LBCC
2025-10-17 14:45:49,879 - INFO - [OK] Threat surface document saved: outputs_final\word_reports\threat_surface\ThreatSurface-LBCC.docx
2025-10-17 14:45:49,892 - INFO - Generating threat surface document for: LBOT
2025-10-17 14:45:50,277 - INFO - [OK] Threat surface document saved: outputs_final\word_reports\threat_surface\ThreatSurface-LBOT.docx
2025-10-17 14:45:50,277 - INFO - ================================================================================
2025-10-17 14:45:50,277 - INFO - Generation Summary:
2025-10-17 14:45:50,278 - INFO -   Total: 140
2025-10-17 14:45:50,278 - INFO -   Success: 140
2025-10-17 14:45:50,278 - INFO -   Failed: 0
2025-10-17 14:45:50,278 - INFO -   Duration: 47.4s
2025-10-17 14:45:50,278 - INFO -   Output: outputs_final\word_reports\threat_surface
2025-10-17 14:45:50,278 - INFO - ================================================================================
2025-10-17 15:16:12,564 - INFO - Loading topology data from: persistent_data\master_topology.json
2025-10-17 15:16:12,573 - INFO - Found 140 applications in topology
2025-10-17 15:16:12,574 - INFO - Output directory: outputs_final\word_reports\threat_surface
2025-10-17 15:16:12,583 - INFO - Generating threat surface document for: ACDA
2025-10-17 15:16:12,892 - INFO - [OK] Threat surface document saved: outputs_final\word_reports\threat_surface\ThreatSurface-ACDA.docx
2025-10-17 15:16:12,902 - INFO - Generating threat surface document for: ALE
2025-10-17 15:16:13,202 - INFO - [OK] Threat surface document saved: outputs_final\word_reports\threat_surface\ThreatSurface-ALE.docx
2025-10-17 15:16:13,211 - INFO - Generating threat surface document for: AODSVY
2025-10-17 15:16:13,498 - INFO - [OK] Threat surface document saved: outputs_final\word_reports\threat_surface\ThreatSurface-AODSVY.docx
2025-10-17 15:16:13,508 - INFO - Generating threat surface document for: APSE
2025-10-17 15:16:13,821 - INFO - [OK] Threat surface document saved: outputs_final\word_reports\threat_surface\ThreatSurface-APSE.docx
2025-10-17 15:16:13,829 - INFO - Generating threat surface document for: ARA
2025-10-17 15:16:14,117 - INFO - [OK] Threat surface document saved: outputs_final\word_reports\threat_surface\ThreatSurface-ARA.docx
2025-10-17 15:16:14,124 - INFO - Generating threat surface document for: AV
2025-10-17 15:16:14,435 - INFO - [OK] Threat surface document saved: outputs_final\word_reports\threat_surface\ThreatSurface-AV.docx
2025-10-17 15:16:14,445 - INFO - Generating threat surface document for: BCA
2025-10-17 15:16:14,768 - INFO - [OK] Threat surface document saved: outputs_final\word_reports\threat_surface\ThreatSurface-BCA.docx
2025-10-17 15:16:14,776 - INFO - Generating threat surface document for: BKO
2025-10-17 15:16:15,110 - INFO - [OK] Threat surface document saved: outputs_final\word_reports\threat_surface\ThreatSurface-BKO.docx
2025-10-17 15:16:15,123 - INFO - Generating threat surface document for: BLND
2025-10-17 15:16:15,447 - INFO - [OK] Threat surface document saved: outputs_final\word_reports\threat_surface\ThreatSurface-BLND.docx
2025-10-17 15:16:15,454 - INFO - Generating threat surface document for: BLZD
2025-10-17 15:16:15,776 - INFO - [OK] Threat surface document saved: outputs_final\word_reports\threat_surface\ThreatSurface-BLZD.docx
2025-10-17 15:16:15,785 - INFO - Generating threat surface document for: BLZE
2025-10-17 15:16:16,120 - INFO - [OK] Threat surface document saved: outputs_final\word_reports\threat_surface\ThreatSurface-BLZE.docx
2025-10-17 15:16:16,131 - INFO - Generating threat surface document for: BM
2025-10-17 15:16:16,468 - INFO - [OK] Threat surface document saved: outputs_final\word_reports\threat_surface\ThreatSurface-BM.docx
2025-10-17 15:16:16,479 - INFO - Generating threat surface document for: BO
2025-10-17 15:16:16,798 - INFO - [OK] Threat surface document saved: outputs_final\word_reports\threat_surface\ThreatSurface-BO.docx
2025-10-17 15:16:16,807 - INFO - Generating threat surface document for: BOD
2025-10-17 15:16:17,136 - INFO - [OK] Threat surface document saved: outputs_final\word_reports\threat_surface\ThreatSurface-BOD.docx
2025-10-17 15:16:17,147 - INFO - Generating threat surface document for: BP
2025-10-17 15:16:17,482 - INFO - [OK] Threat surface document saved: outputs_final\word_reports\threat_surface\ThreatSurface-BP.docx
2025-10-17 15:16:17,492 - INFO - Generating threat surface document for: BTIF
2025-10-17 15:16:17,853 - INFO - [OK] Threat surface document saved: outputs_final\word_reports\threat_surface\ThreatSurface-BTIF.docx
2025-10-17 15:16:17,865 - INFO - Generating threat surface document for: BW
2025-10-17 15:16:18,198 - INFO - [OK] Threat surface document saved: outputs_final\word_reports\threat_surface\ThreatSurface-BW.docx
2025-10-17 15:16:18,207 - INFO - Generating threat surface document for: BX
2025-10-17 15:16:18,511 - INFO - [OK] Threat surface document saved: outputs_final\word_reports\threat_surface\ThreatSurface-BX.docx
2025-10-17 15:16:18,521 - INFO - Generating threat surface document for: CACS
2025-10-17 15:16:18,823 - INFO - [OK] Threat surface document saved: outputs_final\word_reports\threat_surface\ThreatSurface-CACS.docx
2025-10-17 15:16:18,832 - INFO - Generating threat surface document for: CAP
2025-10-17 15:16:19,157 - INFO - [OK] Threat surface document saved: outputs_final\word_reports\threat_surface\ThreatSurface-CAP.docx
2025-10-17 15:16:19,167 - INFO - Generating threat surface document for: CCA
2025-10-17 15:16:19,495 - INFO - [OK] Threat surface document saved: outputs_final\word_reports\threat_surface\ThreatSurface-CCA.docx
2025-10-17 15:16:19,503 - INFO - Generating threat surface document for: CCLTR
2025-10-17 15:16:19,825 - INFO - [OK] Threat surface document saved: outputs_final\word_reports\threat_surface\ThreatSurface-CCLTR.docx
2025-10-17 15:16:19,835 - INFO - Generating threat surface document for: CCPA
2025-10-17 15:16:20,155 - INFO - [OK] Threat surface document saved: outputs_final\word_reports\threat_surface\ThreatSurface-CCPA.docx
2025-10-17 15:16:20,164 - INFO - Generating threat surface document for: CCS
2025-10-17 15:16:20,508 - INFO - [OK] Threat surface document saved: outputs_final\word_reports\threat_surface\ThreatSurface-CCS.docx
2025-10-17 15:16:20,516 - INFO - Generating threat surface document for: CDSA
2025-10-17 15:16:20,868 - INFO - [OK] Threat surface document saved: outputs_final\word_reports\threat_surface\ThreatSurface-CDSA.docx
2025-10-17 15:16:20,877 - INFO - Generating threat surface document for: CIRA
2025-10-17 15:16:21,196 - INFO - [OK] Threat surface document saved: outputs_final\word_reports\threat_surface\ThreatSurface-CIRA.docx
2025-10-17 15:16:21,209 - INFO - Generating threat surface document for: CLSP
2025-10-17 15:16:21,547 - INFO - [OK] Threat surface document saved: outputs_final\word_reports\threat_surface\ThreatSurface-CLSP.docx
2025-10-17 15:16:21,559 - INFO - Generating threat surface document for: CMAR
2025-10-17 15:16:21,869 - INFO - [OK] Threat surface document saved: outputs_final\word_reports\threat_surface\ThreatSurface-CMAR.docx
2025-10-17 15:16:21,877 - INFO - Generating threat surface document for: CNET
2025-10-17 15:16:22,175 - INFO - [OK] Threat surface document saved: outputs_final\word_reports\threat_surface\ThreatSurface-CNET.docx
2025-10-17 15:16:22,184 - INFO - Generating threat surface document for: CP
2025-10-17 15:16:22,489 - INFO - [OK] Threat surface document saved: outputs_final\word_reports\threat_surface\ThreatSurface-CP.docx
2025-10-17 15:16:22,499 - INFO - Generating threat surface document for: CRECL
2025-10-17 15:16:22,824 - INFO - [OK] Threat surface document saved: outputs_final\word_reports\threat_surface\ThreatSurface-CRECL.docx
2025-10-17 15:16:22,836 - INFO - Generating threat surface document for: CSAA
2025-10-17 15:16:23,162 - INFO - [OK] Threat surface document saved: outputs_final\word_reports\threat_surface\ThreatSurface-CSAA.docx
2025-10-17 15:16:23,171 - INFO - Generating threat surface document for: CSAS
2025-10-17 15:16:23,512 - INFO - [OK] Threat surface document saved: outputs_final\word_reports\threat_surface\ThreatSurface-CSAS.docx
2025-10-17 15:16:23,521 - INFO - Generating threat surface document for: CT
2025-10-17 15:16:23,803 - INFO - [OK] Threat surface document saved: outputs_final\word_reports\threat_surface\ThreatSurface-CT.docx
2025-10-17 15:16:23,812 - INFO - Generating threat surface document for: CV
2025-10-17 15:16:24,120 - INFO - [OK] Threat surface document saved: outputs_final\word_reports\threat_surface\ThreatSurface-CV.docx
2025-10-17 15:16:24,130 - INFO - Generating threat surface document for: CXI
2025-10-17 15:16:24,446 - INFO - [OK] Threat surface document saved: outputs_final\word_reports\threat_surface\ThreatSurface-CXI.docx
2025-10-17 15:16:24,456 - INFO - Generating threat surface document for: CXSI
2025-10-17 15:16:24,764 - INFO - [OK] Threat surface document saved: outputs_final\word_reports\threat_surface\ThreatSurface-CXSI.docx
2025-10-17 15:16:24,772 - INFO - Generating threat surface document for: DAD
2025-10-17 15:16:25,097 - INFO - [OK] Threat surface document saved: outputs_final\word_reports\threat_surface\ThreatSurface-DAD.docx
2025-10-17 15:16:25,105 - INFO - Generating threat surface document for: DCDPP
2025-10-17 15:16:25,439 - INFO - [OK] Threat surface document saved: outputs_final\word_reports\threat_surface\ThreatSurface-DCDPP.docx
2025-10-17 15:16:25,449 - INFO - Generating threat surface document for: DCIDM
2025-10-17 15:16:25,799 - INFO - [OK] Threat surface document saved: outputs_final\word_reports\threat_surface\ThreatSurface-DCIDM.docx
2025-10-17 15:16:25,808 - INFO - Generating threat surface document for: DCIFI
2025-10-17 15:16:26,130 - INFO - [OK] Threat surface document saved: outputs_final\word_reports\threat_surface\ThreatSurface-DCIFI.docx
2025-10-17 15:16:26,138 - INFO - Generating threat surface document for: DG
2025-10-17 15:16:26,471 - INFO - [OK] Threat surface document saved: outputs_final\word_reports\threat_surface\ThreatSurface-DG.docx
2025-10-17 15:16:26,480 - INFO - Generating threat surface document for: DM
2025-10-17 15:16:26,808 - INFO - [OK] Threat surface document saved: outputs_final\word_reports\threat_surface\ThreatSurface-DM.docx
2025-10-17 15:16:26,818 - INFO - Generating threat surface document for: DM_BAP
2025-10-17 15:16:27,152 - INFO - [OK] Threat surface document saved: outputs_final\word_reports\threat_surface\ThreatSurface-DM_BAP.docx
2025-10-17 15:16:27,164 - INFO - Generating threat surface document for: DM_BLZE
2025-10-17 15:16:27,492 - INFO - [OK] Threat surface document saved: outputs_final\word_reports\threat_surface\ThreatSurface-DM_BLZE.docx
2025-10-17 15:16:27,503 - INFO - Generating threat surface document for: DM_CCRMBZ
2025-10-17 15:16:27,850 - INFO - [OK] Threat surface document saved: outputs_final\word_reports\threat_surface\ThreatSurface-DM_CCRMBZ.docx
2025-10-17 15:16:27,860 - INFO - Generating threat surface document for: DM_CMDAT
2025-10-17 15:16:28,181 - INFO - [OK] Threat surface document saved: outputs_final\word_reports\threat_surface\ThreatSurface-DM_CMDAT.docx
2025-10-17 15:16:28,192 - INFO - Generating threat surface document for: DM_CMDF
2025-10-17 15:16:28,524 - INFO - [OK] Threat surface document saved: outputs_final\word_reports\threat_surface\ThreatSurface-DM_CMDF.docx
2025-10-17 15:16:28,534 - INFO - Generating threat surface document for: DM_CMRDB
2025-10-17 15:16:28,882 - INFO - [OK] Threat surface document saved: outputs_final\word_reports\threat_surface\ThreatSurface-DM_CMRDB.docx
2025-10-17 15:16:28,891 - INFO - Generating threat surface document for: DM_CMREG
2025-10-17 15:16:29,373 - INFO - [OK] Threat surface document saved: outputs_final\word_reports\threat_surface\ThreatSurface-DM_CMREG.docx
2025-10-17 15:16:29,398 - INFO - Generating threat surface document for: DM_CORD
2025-10-17 15:16:29,815 - INFO - [OK] Threat surface document saved: outputs_final\word_reports\threat_surface\ThreatSurface-DM_CORD.docx
2025-10-17 15:16:29,824 - INFO - Generating threat surface document for: DM_DNCCW
2025-10-17 15:16:30,158 - INFO - [OK] Threat surface document saved: outputs_final\word_reports\threat_surface\ThreatSurface-DM_DNCCW.docx
2025-10-17 15:16:30,167 - INFO - Generating threat surface document for: DM_LEDAT
2025-10-17 15:16:30,513 - INFO - [OK] Threat surface document saved: outputs_final\word_reports\threat_surface\ThreatSurface-DM_LEDAT.docx
2025-10-17 15:16:30,524 - INFO - Generating threat surface document for: DM_RDOM
2025-10-17 15:16:30,837 - INFO - [OK] Threat surface document saved: outputs_final\word_reports\threat_surface\ThreatSurface-DM_RDOM.docx
2025-10-17 15:16:30,846 - INFO - Generating threat surface document for: DM_SBADJ
2025-10-17 15:16:31,185 - INFO - [OK] Threat surface document saved: outputs_final\word_reports\threat_surface\ThreatSurface-DM_SBADJ.docx
2025-10-17 15:16:31,193 - INFO - Generating threat surface document for: DM_WMAHR
2025-10-17 15:16:31,702 - INFO - [OK] Threat surface document saved: outputs_final\word_reports\threat_surface\ThreatSurface-DM_WMAHR.docx
2025-10-17 15:16:31,709 - INFO - Generating threat surface document for: DNACA
2025-10-17 15:16:32,053 - INFO - [OK] Threat surface document saved: outputs_final\word_reports\threat_surface\ThreatSurface-DNACA.docx
2025-10-17 15:16:32,065 - INFO - Generating threat surface document for: DNADP
2025-10-17 15:16:32,390 - INFO - [OK] Threat surface document saved: outputs_final\word_reports\threat_surface\ThreatSurface-DNADP.docx
2025-10-17 15:16:32,402 - INFO - Generating threat surface document for: DNAEP
2025-10-17 15:16:32,736 - INFO - [OK] Threat surface document saved: outputs_final\word_reports\threat_surface\ThreatSurface-DNAEP.docx
2025-10-17 15:16:32,747 - INFO - Generating threat surface document for: DNAGR
2025-10-17 15:16:33,092 - INFO - [OK] Threat surface document saved: outputs_final\word_reports\threat_surface\ThreatSurface-DNAGR.docx
2025-10-17 15:16:33,104 - INFO - Generating threat surface document for: DNASA
2025-10-17 15:16:33,424 - INFO - [OK] Threat surface document saved: outputs_final\word_reports\threat_surface\ThreatSurface-DNASA.docx
2025-10-17 15:16:33,432 - INFO - Generating threat surface document for: DNBCI
2025-10-17 15:16:33,769 - INFO - [OK] Threat surface document saved: outputs_final\word_reports\threat_surface\ThreatSurface-DNBCI.docx
2025-10-17 15:16:33,778 - INFO - Generating threat surface document for: DNBIT
2025-10-17 15:16:34,171 - INFO - [OK] Threat surface document saved: outputs_final\word_reports\threat_surface\ThreatSurface-DNBIT.docx
2025-10-17 15:16:34,180 - INFO - Generating threat surface document for: DNBLC
2025-10-17 15:16:34,538 - INFO - [OK] Threat surface document saved: outputs_final\word_reports\threat_surface\ThreatSurface-DNBLC.docx
2025-10-17 15:16:34,548 - INFO - Generating threat surface document for: DNBRI
2025-10-17 15:16:34,958 - INFO - [OK] Threat surface document saved: outputs_final\word_reports\threat_surface\ThreatSurface-DNBRI.docx
2025-10-17 15:16:34,969 - INFO - Generating threat surface document for: DNBUH
2025-10-17 15:16:35,339 - INFO - [OK] Threat surface document saved: outputs_final\word_reports\threat_surface\ThreatSurface-DNBUH.docx
2025-10-17 15:16:35,349 - INFO - Generating threat surface document for: DNCAC
2025-10-17 15:16:35,711 - INFO - [OK] Threat surface document saved: outputs_final\word_reports\threat_surface\ThreatSurface-DNCAC.docx
2025-10-17 15:16:35,725 - INFO - Generating threat surface document for: DNCCL
2025-10-17 15:16:36,092 - INFO - [OK] Threat surface document saved: outputs_final\word_reports\threat_surface\ThreatSurface-DNCCL.docx
2025-10-17 15:16:36,102 - INFO - Generating threat surface document for: DNCCO
2025-10-17 15:16:36,408 - INFO - [OK] Threat surface document saved: outputs_final\word_reports\threat_surface\ThreatSurface-DNCCO.docx
2025-10-17 15:16:36,418 - INFO - Generating threat surface document for: DNCCS
2025-10-17 15:16:36,773 - INFO - [OK] Threat surface document saved: outputs_final\word_reports\threat_surface\ThreatSurface-DNCCS.docx
2025-10-17 15:16:36,783 - INFO - Generating threat surface document for: DNCCW
2025-10-17 15:16:37,111 - INFO - [OK] Threat surface document saved: outputs_final\word_reports\threat_surface\ThreatSurface-DNCCW.docx
2025-10-17 15:16:37,118 - INFO - Generating threat surface document for: DNCER
2025-10-17 15:16:37,429 - INFO - [OK] Threat surface document saved: outputs_final\word_reports\threat_surface\ThreatSurface-DNCER.docx
2025-10-17 15:16:37,437 - INFO - Generating threat surface document for: DNCIT
2025-10-17 15:16:37,806 - INFO - [OK] Threat surface document saved: outputs_final\word_reports\threat_surface\ThreatSurface-DNCIT.docx
2025-10-17 15:16:37,817 - INFO - Generating threat surface document for: DNCOR
2025-10-17 15:16:38,193 - INFO - [OK] Threat surface document saved: outputs_final\word_reports\threat_surface\ThreatSurface-DNCOR.docx
2025-10-17 15:16:38,202 - INFO - Generating threat surface document for: DNCWS
2025-10-17 15:16:38,811 - INFO - [OK] Threat surface document saved: outputs_final\word_reports\threat_surface\ThreatSurface-DNCWS.docx
2025-10-17 15:16:38,831 - INFO - Generating threat surface document for: DNDNS
2025-10-17 15:16:39,212 - INFO - [OK] Threat surface document saved: outputs_final\word_reports\threat_surface\ThreatSurface-DNDNS.docx
2025-10-17 15:16:39,219 - INFO - Generating threat surface document for: DNENG
2025-10-17 15:16:39,559 - INFO - [OK] Threat surface document saved: outputs_final\word_reports\threat_surface\ThreatSurface-DNENG.docx
2025-10-17 15:16:39,576 - INFO - Generating threat surface document for: DNESR
2025-10-17 15:16:39,923 - INFO - [OK] Threat surface document saved: outputs_final\word_reports\threat_surface\ThreatSurface-DNESR.docx
2025-10-17 15:16:39,937 - INFO - Generating threat surface document for: DNGCM
2025-10-17 15:16:40,348 - INFO - [OK] Threat surface document saved: outputs_final\word_reports\threat_surface\ThreatSurface-DNGCM.docx
2025-10-17 15:16:40,363 - INFO - Generating threat surface document for: DNGFC
2025-10-17 15:16:40,702 - INFO - [OK] Threat surface document saved: outputs_final\word_reports\threat_surface\ThreatSurface-DNGFC.docx
2025-10-17 15:16:40,711 - INFO - Generating threat surface document for: DNHRT
2025-10-17 15:16:41,093 - INFO - [OK] Threat surface document saved: outputs_final\word_reports\threat_surface\ThreatSurface-DNHRT.docx
2025-10-17 15:16:41,109 - INFO - Generating threat surface document for: DNIBS
2025-10-17 15:16:41,414 - INFO - [OK] Threat surface document saved: outputs_final\word_reports\threat_surface\ThreatSurface-DNIBS.docx
2025-10-17 15:16:41,426 - INFO - Generating threat surface document for: DNIDE
2025-10-17 15:16:41,740 - INFO - [OK] Threat surface document saved: outputs_final\word_reports\threat_surface\ThreatSurface-DNIDE.docx
2025-10-17 15:16:41,751 - INFO - Generating threat surface document for: DNINR
2025-10-17 15:16:42,071 - INFO - [OK] Threat surface document saved: outputs_final\word_reports\threat_surface\ThreatSurface-DNINR.docx
2025-10-17 15:16:42,080 - INFO - Generating threat surface document for: DNINT
2025-10-17 15:16:42,420 - INFO - [OK] Threat surface document saved: outputs_final\word_reports\threat_surface\ThreatSurface-DNINT.docx
2025-10-17 15:16:42,430 - INFO - Generating threat surface document for: DNINV
2025-10-17 15:16:42,754 - INFO - [OK] Threat surface document saved: outputs_final\word_reports\threat_surface\ThreatSurface-DNINV.docx
2025-10-17 15:16:42,765 - INFO - Generating threat surface document for: DNLDS
2025-10-17 15:16:43,148 - INFO - [OK] Threat surface document saved: outputs_final\word_reports\threat_surface\ThreatSurface-DNLDS.docx
2025-10-17 15:16:43,157 - INFO - Generating threat surface document for: DNLOC
2025-10-17 15:16:43,529 - INFO - [OK] Threat surface document saved: outputs_final\word_reports\threat_surface\ThreatSurface-DNLOC.docx
2025-10-17 15:16:43,543 - INFO - Generating threat surface document for: DNMCM
2025-10-17 15:16:43,931 - INFO - [OK] Threat surface document saved: outputs_final\word_reports\threat_surface\ThreatSurface-DNMCM.docx
2025-10-17 15:16:43,938 - INFO - Generating threat surface document for: DNMET
2025-10-17 15:16:44,286 - INFO - [OK] Threat surface document saved: outputs_final\word_reports\threat_surface\ThreatSurface-DNMET.docx
2025-10-17 15:16:44,293 - INFO - Generating threat surface document for: DNMLO
2025-10-17 15:16:44,647 - INFO - [OK] Threat surface document saved: outputs_final\word_reports\threat_surface\ThreatSurface-DNMLO.docx
2025-10-17 15:16:44,656 - INFO - Generating threat surface document for: DNMMZ
2025-10-17 15:16:45,020 - INFO - [OK] Threat surface document saved: outputs_final\word_reports\threat_surface\ThreatSurface-DNMMZ.docx
2025-10-17 15:16:45,031 - INFO - Generating threat surface document for: DNPGR
2025-10-17 15:16:45,447 - INFO - [OK] Threat surface document saved: outputs_final\word_reports\threat_surface\ThreatSurface-DNPGR.docx
2025-10-17 15:16:45,455 - INFO - Generating threat surface document for: DNRAS
2025-10-17 15:16:45,851 - INFO - [OK] Threat surface document saved: outputs_final\word_reports\threat_surface\ThreatSurface-DNRAS.docx
2025-10-17 15:16:45,857 - INFO - Generating threat surface document for: DNRCB
2025-10-17 15:16:46,201 - INFO - [OK] Threat surface document saved: outputs_final\word_reports\threat_surface\ThreatSurface-DNRCB.docx
2025-10-17 15:16:46,211 - INFO - Generating threat surface document for: DNRCT
2025-10-17 15:16:46,582 - INFO - [OK] Threat surface document saved: outputs_final\word_reports\threat_surface\ThreatSurface-DNRCT.docx
2025-10-17 15:16:46,590 - INFO - Generating threat surface document for: DNREP
2025-10-17 15:16:47,008 - INFO - [OK] Threat surface document saved: outputs_final\word_reports\threat_surface\ThreatSurface-DNREP.docx
2025-10-17 15:16:47,017 - INFO - Generating threat surface document for: DNRGE
2025-10-17 15:16:47,444 - INFO - [OK] Threat surface document saved: outputs_final\word_reports\threat_surface\ThreatSurface-DNRGE.docx
2025-10-17 15:16:47,451 - INFO - Generating threat surface document for: DNROM
2025-10-17 15:16:47,985 - INFO - [OK] Threat surface document saved: outputs_final\word_reports\threat_surface\ThreatSurface-DNROM.docx
2025-10-17 15:16:48,000 - INFO - Generating threat surface document for: DNRVS
2025-10-17 15:16:48,351 - INFO - [OK] Threat surface document saved: outputs_final\word_reports\threat_surface\ThreatSurface-DNRVS.docx
2025-10-17 15:16:48,362 - INFO - Generating threat surface document for: DNSBT
2025-10-17 15:16:48,900 - INFO - [OK] Threat surface document saved: outputs_final\word_reports\threat_surface\ThreatSurface-DNSBT.docx
2025-10-17 15:16:48,913 - INFO - Generating threat surface document for: DNSCC
2025-10-17 15:16:49,363 - INFO - [OK] Threat surface document saved: outputs_final\word_reports\threat_surface\ThreatSurface-DNSCC.docx
2025-10-17 15:16:49,374 - INFO - Generating threat surface document for: DNSCH
2025-10-17 15:16:49,697 - INFO - [OK] Threat surface document saved: outputs_final\word_reports\threat_surface\ThreatSurface-DNSCH.docx
2025-10-17 15:16:49,706 - INFO - Generating threat surface document for: DNTCB
2025-10-17 15:16:50,034 - INFO - [OK] Threat surface document saved: outputs_final\word_reports\threat_surface\ThreatSurface-DNTCB.docx
2025-10-17 15:16:50,042 - INFO - Generating threat surface document for: DNTCM
2025-10-17 15:16:50,361 - INFO - [OK] Threat surface document saved: outputs_final\word_reports\threat_surface\ThreatSurface-DNTCM.docx
2025-10-17 15:16:50,371 - INFO - Generating threat surface document for: DNWHO
2025-10-17 15:16:50,758 - INFO - [OK] Threat surface document saved: outputs_final\word_reports\threat_surface\ThreatSurface-DNWHO.docx
2025-10-17 15:16:50,772 - INFO - Generating threat surface document for: DNWHS
2025-10-17 15:16:51,143 - INFO - [OK] Threat surface document saved: outputs_final\word_reports\threat_surface\ThreatSurface-DNWHS.docx
2025-10-17 15:16:51,154 - INFO - Generating threat surface document for: DNZEL
2025-10-17 15:16:51,518 - INFO - [OK] Threat surface document saved: outputs_final\word_reports\threat_surface\ThreatSurface-DNZEL.docx
2025-10-17 15:16:51,528 - INFO - Generating threat surface document for: DPAPI
2025-10-17 15:16:51,900 - INFO - [OK] Threat surface document saved: outputs_final\word_reports\threat_surface\ThreatSurface-DPAPI.docx
2025-10-17 15:16:51,916 - INFO - Generating threat surface document for: DSAA
2025-10-17 15:16:52,293 - INFO - [OK] Threat surface document saved: outputs_final\word_reports\threat_surface\ThreatSurface-DSAA.docx
2025-10-17 15:16:52,306 - INFO - Generating threat surface document for: ECL
2025-10-17 15:16:52,672 - INFO - [OK] Threat surface document saved: outputs_final\word_reports\threat_surface\ThreatSurface-ECL.docx
2025-10-17 15:16:52,685 - INFO - Generating threat surface document for: EFW
2025-10-17 15:16:53,052 - INFO - [OK] Threat surface document saved: outputs_final\word_reports\threat_surface\ThreatSurface-EFW.docx
2025-10-17 15:16:53,062 - INFO - Generating threat surface document for: EM
2025-10-17 15:16:53,484 - INFO - [OK] Threat surface document saved: outputs_final\word_reports\threat_surface\ThreatSurface-EM.docx
2025-10-17 15:16:53,494 - INFO - Generating threat surface document for: EMDS
2025-10-17 15:16:53,894 - INFO - [OK] Threat surface document saved: outputs_final\word_reports\threat_surface\ThreatSurface-EMDS.docx
2025-10-17 15:16:53,908 - INFO - Generating threat surface document for: EMGR
2025-10-17 15:16:54,247 - INFO - [OK] Threat surface document saved: outputs_final\word_reports\threat_surface\ThreatSurface-EMGR.docx
2025-10-17 15:16:54,260 - INFO - Generating threat surface document for: END
2025-10-17 15:16:54,584 - INFO - [OK] Threat surface document saved: outputs_final\word_reports\threat_surface\ThreatSurface-END.docx
2025-10-17 15:16:54,593 - INFO - Generating threat surface document for: ENDNC
2025-10-17 15:16:54,925 - INFO - [OK] Threat surface document saved: outputs_final\word_reports\threat_surface\ThreatSurface-ENDNC.docx
2025-10-17 15:16:54,935 - INFO - Generating threat surface document for: ERCPT
2025-10-17 15:16:55,286 - INFO - [OK] Threat surface document saved: outputs_final\word_reports\threat_surface\ThreatSurface-ERCPT.docx
2025-10-17 15:16:55,299 - INFO - Generating threat surface document for: FAAR
2025-10-17 15:16:55,667 - INFO - [OK] Threat surface document saved: outputs_final\word_reports\threat_surface\ThreatSurface-FAAR.docx
2025-10-17 15:16:55,684 - INFO - Generating threat surface document for: FG
2025-10-17 15:16:56,037 - INFO - [OK] Threat surface document saved: outputs_final\word_reports\threat_surface\ThreatSurface-FG.docx
2025-10-17 15:16:56,050 - INFO - Generating threat surface document for: FICPM
2025-10-17 15:16:56,391 - INFO - [OK] Threat surface document saved: outputs_final\word_reports\threat_surface\ThreatSurface-FICPM.docx
2025-10-17 15:16:56,408 - INFO - Generating threat surface document for: FIMSP
2025-10-17 15:16:56,778 - INFO - [OK] Threat surface document saved: outputs_final\word_reports\threat_surface\ThreatSurface-FIMSP.docx
2025-10-17 15:16:56,795 - INFO - Generating threat surface document for: FM
2025-10-17 15:16:57,133 - INFO - [OK] Threat surface document saved: outputs_final\word_reports\threat_surface\ThreatSurface-FM.docx
2025-10-17 15:16:57,140 - INFO - Generating threat surface document for: I3SQL
2025-10-17 15:16:57,486 - INFO - [OK] Threat surface document saved: outputs_final\word_reports\threat_surface\ThreatSurface-I3SQL.docx
2025-10-17 15:16:57,498 - INFO - Generating threat surface document for: IA
2025-10-17 15:16:57,863 - INFO - [OK] Threat surface document saved: outputs_final\word_reports\threat_surface\ThreatSurface-IA.docx
2025-10-17 15:16:57,872 - INFO - Generating threat surface document for: IB
2025-10-17 15:16:58,215 - INFO - [OK] Threat surface document saved: outputs_final\word_reports\threat_surface\ThreatSurface-IB.docx
2025-10-17 15:16:58,224 - INFO - Generating threat surface document for: IMGVF
2025-10-17 15:16:58,599 - INFO - [OK] Threat surface document saved: outputs_final\word_reports\threat_surface\ThreatSurface-IMGVF.docx
2025-10-17 15:16:58,609 - INFO - Generating threat surface document for: ITR
2025-10-17 15:16:58,991 - INFO - [OK] Threat surface document saved: outputs_final\word_reports\threat_surface\ThreatSurface-ITR.docx
2025-10-17 15:16:59,001 - INFO - Generating threat surface document for: IV
2025-10-17 15:16:59,347 - INFO - [OK] Threat surface document saved: outputs_final\word_reports\threat_surface\ThreatSurface-IV.docx
2025-10-17 15:16:59,356 - INFO - Generating threat surface document for: IVGBU
2025-10-17 15:16:59,710 - INFO - [OK] Threat surface document saved: outputs_final\word_reports\threat_surface\ThreatSurface-IVGBU.docx
2025-10-17 15:16:59,723 - INFO - Generating threat surface document for: IVR
2025-10-17 15:17:00,084 - INFO - [OK] Threat surface document saved: outputs_final\word_reports\threat_surface\ThreatSurface-IVR.docx
2025-10-17 15:17:00,094 - INFO - Generating threat surface document for: IVRMC
2025-10-17 15:17:00,439 - INFO - [OK] Threat surface document saved: outputs_final\word_reports\threat_surface\ThreatSurface-IVRMC.docx
2025-10-17 15:17:00,449 - INFO - Generating threat surface document for: IW
2025-10-17 15:17:00,805 - INFO - [OK] Threat surface document saved: outputs_final\word_reports\threat_surface\ThreatSurface-IW.docx
2025-10-17 15:17:00,818 - INFO - Generating threat surface document for: IWDE
2025-10-17 15:17:01,213 - INFO - [OK] Threat surface document saved: outputs_final\word_reports\threat_surface\ThreatSurface-IWDE.docx
2025-10-17 15:17:01,222 - INFO - Generating threat surface document for: IX
2025-10-17 15:17:01,623 - INFO - [OK] Threat surface document saved: outputs_final\word_reports\threat_surface\ThreatSurface-IX.docx
2025-10-17 15:17:01,631 - INFO - Generating threat surface document for: IXCI
2025-10-17 15:17:01,957 - INFO - [OK] Threat surface document saved: outputs_final\word_reports\threat_surface\ThreatSurface-IXCI.docx
2025-10-17 15:17:01,967 - INFO - Generating threat surface document for: IXOF
2025-10-17 15:17:02,323 - INFO - [OK] Threat surface document saved: outputs_final\word_reports\threat_surface\ThreatSurface-IXOF.docx
2025-10-17 15:17:02,336 - INFO - Generating threat surface document for: LB
2025-10-17 15:17:02,675 - INFO - [OK] Threat surface document saved: outputs_final\word_reports\threat_surface\ThreatSurface-LB.docx
2025-10-17 15:17:02,684 - INFO - Generating threat surface document for: LBCC
2025-10-17 15:17:03,048 - INFO - [OK] Threat surface document saved: outputs_final\word_reports\threat_surface\ThreatSurface-LBCC.docx
2025-10-17 15:17:03,056 - INFO - Generating threat surface document for: LBOT
2025-10-17 15:17:03,386 - INFO - [OK] Threat surface document saved: outputs_final\word_reports\threat_surface\ThreatSurface-LBOT.docx
2025-10-17 15:17:03,386 - INFO - ================================================================================
2025-10-17 15:17:03,387 - INFO - Generation Summary:
2025-10-17 15:17:03,387 - INFO -   Total: 140
2025-10-17 15:17:03,387 - INFO -   Success: 140
2025-10-17 15:17:03,387 - INFO -   Failed: 0
2025-10-17 15:17:03,387 - INFO -   Duration: 50.8s
2025-10-17 15:17:03,387 - INFO -   Output: outputs_final\word_reports\threat_surface
2025-10-17 15:17:03,387 - INFO - ================================================================================
2025-10-17 16:56:19,042 - INFO - Loading topology data from: persistent_data\master_topology.json
2025-10-17 16:56:19,051 - INFO - Found 140 applications in topology
2025-10-17 16:56:19,052 - INFO - Output directory: outputs_final\word_reports\threat_surface
2025-10-17 16:56:19,072 - INFO - Generating threat surface document for: ACDA
2025-10-17 16:56:19,595 - INFO - [OK] Threat surface document saved: outputs_final\word_reports\threat_surface\ThreatSurface-ACDA.docx
2025-10-17 16:56:19,614 - INFO - Generating threat surface document for: ALE
2025-10-17 16:56:20,250 - INFO - [OK] Threat surface document saved: outputs_final\word_reports\threat_surface\ThreatSurface-ALE.docx
2025-10-17 16:56:20,268 - INFO - Generating threat surface document for: AODSVY
2025-10-17 16:56:20,961 - INFO - [OK] Threat surface document saved: outputs_final\word_reports\threat_surface\ThreatSurface-AODSVY.docx
2025-10-17 16:56:20,978 - INFO - Generating threat surface document for: APSE
2025-10-17 16:56:21,583 - INFO - [OK] Threat surface document saved: outputs_final\word_reports\threat_surface\ThreatSurface-APSE.docx
2025-10-17 16:56:21,602 - INFO - Generating threat surface document for: ARA
2025-10-17 16:56:22,111 - INFO - [OK] Threat surface document saved: outputs_final\word_reports\threat_surface\ThreatSurface-ARA.docx
2025-10-17 16:56:22,123 - INFO - Generating threat surface document for: AV
2025-10-17 16:56:22,657 - INFO - [OK] Threat surface document saved: outputs_final\word_reports\threat_surface\ThreatSurface-AV.docx
2025-10-17 16:56:22,672 - INFO - Generating threat surface document for: BCA
2025-10-17 16:56:23,111 - INFO - [OK] Threat surface document saved: outputs_final\word_reports\threat_surface\ThreatSurface-BCA.docx
2025-10-17 16:56:23,126 - INFO - Generating threat surface document for: BKO
2025-10-17 16:56:23,601 - INFO - [OK] Threat surface document saved: outputs_final\word_reports\threat_surface\ThreatSurface-BKO.docx
2025-10-17 16:56:23,617 - INFO - Generating threat surface document for: BLND
2025-10-17 16:56:24,106 - INFO - [OK] Threat surface document saved: outputs_final\word_reports\threat_surface\ThreatSurface-BLND.docx
2025-10-17 16:56:24,123 - INFO - Generating threat surface document for: BLZD
2025-10-17 16:56:24,762 - INFO - [OK] Threat surface document saved: outputs_final\word_reports\threat_surface\ThreatSurface-BLZD.docx
2025-10-17 16:56:24,785 - INFO - Generating threat surface document for: BLZE
2025-10-17 16:56:25,417 - INFO - [OK] Threat surface document saved: outputs_final\word_reports\threat_surface\ThreatSurface-BLZE.docx
2025-10-17 16:56:25,438 - INFO - Generating threat surface document for: BM
2025-10-17 16:56:26,095 - INFO - [OK] Threat surface document saved: outputs_final\word_reports\threat_surface\ThreatSurface-BM.docx
2025-10-17 16:56:26,111 - INFO - Generating threat surface document for: BO
2025-10-17 16:56:26,697 - INFO - [OK] Threat surface document saved: outputs_final\word_reports\threat_surface\ThreatSurface-BO.docx
2025-10-17 16:56:26,716 - INFO - Generating threat surface document for: BOD
2025-10-17 16:56:27,423 - INFO - [OK] Threat surface document saved: outputs_final\word_reports\threat_surface\ThreatSurface-BOD.docx
2025-10-17 16:56:27,447 - INFO - Generating threat surface document for: BP
2025-10-17 16:56:27,982 - INFO - [OK] Threat surface document saved: outputs_final\word_reports\threat_surface\ThreatSurface-BP.docx
2025-10-17 16:56:28,003 - INFO - Generating threat surface document for: BTIF
2025-10-17 16:56:28,633 - INFO - [OK] Threat surface document saved: outputs_final\word_reports\threat_surface\ThreatSurface-BTIF.docx
2025-10-17 16:56:28,648 - INFO - Generating threat surface document for: BW
2025-10-17 16:56:29,279 - INFO - [OK] Threat surface document saved: outputs_final\word_reports\threat_surface\ThreatSurface-BW.docx
2025-10-17 16:56:29,295 - INFO - Generating threat surface document for: BX
2025-10-17 16:56:29,951 - INFO - [OK] Threat surface document saved: outputs_final\word_reports\threat_surface\ThreatSurface-BX.docx
2025-10-17 16:56:29,968 - INFO - Generating threat surface document for: CACS
2025-10-17 16:56:30,644 - INFO - [OK] Threat surface document saved: outputs_final\word_reports\threat_surface\ThreatSurface-CACS.docx
2025-10-17 16:56:30,663 - INFO - Generating threat surface document for: CAP
2025-10-17 16:56:31,317 - INFO - [OK] Threat surface document saved: outputs_final\word_reports\threat_surface\ThreatSurface-CAP.docx
2025-10-17 16:56:31,337 - INFO - Generating threat surface document for: CCA
2025-10-17 16:56:32,028 - INFO - [OK] Threat surface document saved: outputs_final\word_reports\threat_surface\ThreatSurface-CCA.docx
2025-10-17 16:56:32,046 - INFO - Generating threat surface document for: CCLTR
2025-10-17 16:56:32,561 - INFO - [OK] Threat surface document saved: outputs_final\word_reports\threat_surface\ThreatSurface-CCLTR.docx
2025-10-17 16:56:32,577 - INFO - Generating threat surface document for: CCPA
2025-10-17 16:56:33,263 - INFO - [OK] Threat surface document saved: outputs_final\word_reports\threat_surface\ThreatSurface-CCPA.docx
2025-10-17 16:56:33,281 - INFO - Generating threat surface document for: CCS
2025-10-17 16:56:33,927 - INFO - [OK] Threat surface document saved: outputs_final\word_reports\threat_surface\ThreatSurface-CCS.docx
2025-10-17 16:56:33,948 - INFO - Generating threat surface document for: CDSA
2025-10-17 16:56:34,578 - INFO - [OK] Threat surface document saved: outputs_final\word_reports\threat_surface\ThreatSurface-CDSA.docx
2025-10-17 16:56:34,594 - INFO - Generating threat surface document for: CIRA
2025-10-17 16:56:35,251 - INFO - [OK] Threat surface document saved: outputs_final\word_reports\threat_surface\ThreatSurface-CIRA.docx
2025-10-17 16:56:35,273 - INFO - Generating threat surface document for: CLSP
2025-10-17 16:56:35,874 - INFO - [OK] Threat surface document saved: outputs_final\word_reports\threat_surface\ThreatSurface-CLSP.docx
2025-10-17 16:56:35,898 - INFO - Generating threat surface document for: CMAR
2025-10-17 16:56:36,553 - INFO - [OK] Threat surface document saved: outputs_final\word_reports\threat_surface\ThreatSurface-CMAR.docx
2025-10-17 16:56:36,572 - INFO - Generating threat surface document for: CNET
2025-10-17 16:56:37,224 - INFO - [OK] Threat surface document saved: outputs_final\word_reports\threat_surface\ThreatSurface-CNET.docx
2025-10-17 16:56:37,238 - INFO - Generating threat surface document for: CP
2025-10-17 16:56:37,907 - INFO - [OK] Threat surface document saved: outputs_final\word_reports\threat_surface\ThreatSurface-CP.docx
2025-10-17 16:56:37,926 - INFO - Generating threat surface document for: CRECL
2025-10-17 16:56:38,494 - INFO - [OK] Threat surface document saved: outputs_final\word_reports\threat_surface\ThreatSurface-CRECL.docx
2025-10-17 16:56:38,506 - INFO - Generating threat surface document for: CSAA
2025-10-17 16:56:39,071 - INFO - [OK] Threat surface document saved: outputs_final\word_reports\threat_surface\ThreatSurface-CSAA.docx
2025-10-17 16:56:39,087 - INFO - Generating threat surface document for: CSAS
2025-10-17 16:56:39,625 - INFO - [OK] Threat surface document saved: outputs_final\word_reports\threat_surface\ThreatSurface-CSAS.docx
2025-10-17 16:56:39,641 - INFO - Generating threat surface document for: CT
2025-10-17 16:56:40,321 - INFO - [OK] Threat surface document saved: outputs_final\word_reports\threat_surface\ThreatSurface-CT.docx
2025-10-17 16:56:40,334 - INFO - Generating threat surface document for: CV
2025-10-17 16:56:40,975 - INFO - [OK] Threat surface document saved: outputs_final\word_reports\threat_surface\ThreatSurface-CV.docx
2025-10-17 16:56:40,995 - INFO - Generating threat surface document for: CXI
2025-10-17 16:56:41,658 - INFO - [OK] Threat surface document saved: outputs_final\word_reports\threat_surface\ThreatSurface-CXI.docx
2025-10-17 16:56:41,678 - INFO - Generating threat surface document for: CXSI
2025-10-17 16:56:42,328 - INFO - [OK] Threat surface document saved: outputs_final\word_reports\threat_surface\ThreatSurface-CXSI.docx
2025-10-17 16:56:42,347 - INFO - Generating threat surface document for: DAD
2025-10-17 16:56:43,080 - INFO - [OK] Threat surface document saved: outputs_final\word_reports\threat_surface\ThreatSurface-DAD.docx
2025-10-17 16:56:43,098 - INFO - Generating threat surface document for: DCDPP
2025-10-17 16:56:43,818 - INFO - [OK] Threat surface document saved: outputs_final\word_reports\threat_surface\ThreatSurface-DCDPP.docx
2025-10-17 16:56:43,840 - INFO - Generating threat surface document for: DCIDM
2025-10-17 16:56:44,405 - INFO - [OK] Threat surface document saved: outputs_final\word_reports\threat_surface\ThreatSurface-DCIDM.docx
2025-10-17 16:56:44,425 - INFO - Generating threat surface document for: DCIFI
2025-10-17 16:56:44,917 - INFO - [OK] Threat surface document saved: outputs_final\word_reports\threat_surface\ThreatSurface-DCIFI.docx
2025-10-17 16:56:44,933 - INFO - Generating threat surface document for: DG
2025-10-17 16:56:45,607 - INFO - [OK] Threat surface document saved: outputs_final\word_reports\threat_surface\ThreatSurface-DG.docx
2025-10-17 16:56:45,625 - INFO - Generating threat surface document for: DM
2025-10-17 16:56:46,247 - INFO - [OK] Threat surface document saved: outputs_final\word_reports\threat_surface\ThreatSurface-DM.docx
2025-10-17 16:56:46,266 - INFO - Generating threat surface document for: DM_BAP
2025-10-17 16:56:46,864 - INFO - [OK] Threat surface document saved: outputs_final\word_reports\threat_surface\ThreatSurface-DM_BAP.docx
2025-10-17 16:56:46,885 - INFO - Generating threat surface document for: DM_BLZE
2025-10-17 16:56:47,507 - INFO - [OK] Threat surface document saved: outputs_final\word_reports\threat_surface\ThreatSurface-DM_BLZE.docx
2025-10-17 16:56:47,527 - INFO - Generating threat surface document for: DM_CCRMBZ
2025-10-17 16:56:48,123 - INFO - [OK] Threat surface document saved: outputs_final\word_reports\threat_surface\ThreatSurface-DM_CCRMBZ.docx
2025-10-17 16:56:48,138 - INFO - Generating threat surface document for: DM_CMDAT
2025-10-17 16:56:48,853 - INFO - [OK] Threat surface document saved: outputs_final\word_reports\threat_surface\ThreatSurface-DM_CMDAT.docx
2025-10-17 16:56:48,872 - INFO - Generating threat surface document for: DM_CMDF
2025-10-17 16:56:49,447 - INFO - [OK] Threat surface document saved: outputs_final\word_reports\threat_surface\ThreatSurface-DM_CMDF.docx
2025-10-17 16:56:49,462 - INFO - Generating threat surface document for: DM_CMRDB
2025-10-17 16:56:49,987 - INFO - [OK] Threat surface document saved: outputs_final\word_reports\threat_surface\ThreatSurface-DM_CMRDB.docx
2025-10-17 16:56:49,999 - INFO - Generating threat surface document for: DM_CMREG
2025-10-17 16:56:50,466 - INFO - [OK] Threat surface document saved: outputs_final\word_reports\threat_surface\ThreatSurface-DM_CMREG.docx
2025-10-17 16:56:50,485 - INFO - Generating threat surface document for: DM_CORD
2025-10-17 16:56:51,053 - INFO - [OK] Threat surface document saved: outputs_final\word_reports\threat_surface\ThreatSurface-DM_CORD.docx
2025-10-17 16:56:51,069 - INFO - Generating threat surface document for: DM_DNCCW
2025-10-17 16:56:51,574 - INFO - [OK] Threat surface document saved: outputs_final\word_reports\threat_surface\ThreatSurface-DM_DNCCW.docx
2025-10-17 16:56:51,597 - INFO - Generating threat surface document for: DM_LEDAT
2025-10-17 16:56:52,206 - INFO - [OK] Threat surface document saved: outputs_final\word_reports\threat_surface\ThreatSurface-DM_LEDAT.docx
2025-10-17 16:56:52,226 - INFO - Generating threat surface document for: DM_RDOM
2025-10-17 16:56:52,755 - INFO - [OK] Threat surface document saved: outputs_final\word_reports\threat_surface\ThreatSurface-DM_RDOM.docx
2025-10-17 16:56:52,769 - INFO - Generating threat surface document for: DM_SBADJ
2025-10-17 16:56:53,226 - INFO - [OK] Threat surface document saved: outputs_final\word_reports\threat_surface\ThreatSurface-DM_SBADJ.docx
2025-10-17 16:56:53,242 - INFO - Generating threat surface document for: DM_WMAHR
2025-10-17 16:56:53,735 - INFO - [OK] Threat surface document saved: outputs_final\word_reports\threat_surface\ThreatSurface-DM_WMAHR.docx
2025-10-17 16:56:53,753 - INFO - Generating threat surface document for: DNACA
2025-10-17 16:56:54,322 - INFO - [OK] Threat surface document saved: outputs_final\word_reports\threat_surface\ThreatSurface-DNACA.docx
2025-10-17 16:56:54,338 - INFO - Generating threat surface document for: DNADP
2025-10-17 16:56:54,947 - INFO - [OK] Threat surface document saved: outputs_final\word_reports\threat_surface\ThreatSurface-DNADP.docx
2025-10-17 16:56:54,969 - INFO - Generating threat surface document for: DNAEP
2025-10-17 16:56:55,603 - INFO - [OK] Threat surface document saved: outputs_final\word_reports\threat_surface\ThreatSurface-DNAEP.docx
2025-10-17 16:56:55,620 - INFO - Generating threat surface document for: DNAGR
2025-10-17 16:56:56,349 - INFO - [OK] Threat surface document saved: outputs_final\word_reports\threat_surface\ThreatSurface-DNAGR.docx
2025-10-17 16:56:56,376 - INFO - Generating threat surface document for: DNASA
2025-10-17 16:56:57,016 - INFO - [OK] Threat surface document saved: outputs_final\word_reports\threat_surface\ThreatSurface-DNASA.docx
2025-10-17 16:56:57,036 - INFO - Generating threat surface document for: DNBCI
2025-10-17 16:56:57,753 - INFO - [OK] Threat surface document saved: outputs_final\word_reports\threat_surface\ThreatSurface-DNBCI.docx
2025-10-17 16:56:57,772 - INFO - Generating threat surface document for: DNBIT
2025-10-17 16:56:58,431 - INFO - [OK] Threat surface document saved: outputs_final\word_reports\threat_surface\ThreatSurface-DNBIT.docx
2025-10-17 16:56:58,446 - INFO - Generating threat surface document for: DNBLC
2025-10-17 16:56:59,056 - INFO - [OK] Threat surface document saved: outputs_final\word_reports\threat_surface\ThreatSurface-DNBLC.docx
2025-10-17 16:56:59,072 - INFO - Generating threat surface document for: DNBRI
2025-10-17 16:56:59,719 - INFO - [OK] Threat surface document saved: outputs_final\word_reports\threat_surface\ThreatSurface-DNBRI.docx
2025-10-17 16:56:59,741 - INFO - Generating threat surface document for: DNBUH
2025-10-17 16:57:00,418 - INFO - [OK] Threat surface document saved: outputs_final\word_reports\threat_surface\ThreatSurface-DNBUH.docx
2025-10-17 16:57:00,439 - INFO - Generating threat surface document for: DNCAC
2025-10-17 16:57:01,094 - INFO - [OK] Threat surface document saved: outputs_final\word_reports\threat_surface\ThreatSurface-DNCAC.docx
2025-10-17 16:57:01,115 - INFO - Generating threat surface document for: DNCCL
2025-10-17 16:57:01,811 - INFO - [OK] Threat surface document saved: outputs_final\word_reports\threat_surface\ThreatSurface-DNCCL.docx
2025-10-17 16:57:01,831 - INFO - Generating threat surface document for: DNCCO
2025-10-17 16:57:02,526 - INFO - [OK] Threat surface document saved: outputs_final\word_reports\threat_surface\ThreatSurface-DNCCO.docx
2025-10-17 16:57:02,540 - INFO - Generating threat surface document for: DNCCS
2025-10-17 16:57:03,118 - INFO - [OK] Threat surface document saved: outputs_final\word_reports\threat_surface\ThreatSurface-DNCCS.docx
2025-10-17 16:57:03,137 - INFO - Generating threat surface document for: DNCCW
2025-10-17 16:57:03,681 - INFO - [OK] Threat surface document saved: outputs_final\word_reports\threat_surface\ThreatSurface-DNCCW.docx
2025-10-17 16:57:03,703 - INFO - Generating threat surface document for: DNCER
2025-10-17 16:57:04,330 - INFO - [OK] Threat surface document saved: outputs_final\word_reports\threat_surface\ThreatSurface-DNCER.docx
2025-10-17 16:57:04,347 - INFO - Generating threat surface document for: DNCIT
2025-10-17 16:57:05,014 - INFO - [OK] Threat surface document saved: outputs_final\word_reports\threat_surface\ThreatSurface-DNCIT.docx
2025-10-17 16:57:05,032 - INFO - Generating threat surface document for: DNCOR
2025-10-17 16:57:05,671 - INFO - [OK] Threat surface document saved: outputs_final\word_reports\threat_surface\ThreatSurface-DNCOR.docx
2025-10-17 16:57:05,693 - INFO - Generating threat surface document for: DNCWS
2025-10-17 16:57:06,407 - INFO - [OK] Threat surface document saved: outputs_final\word_reports\threat_surface\ThreatSurface-DNCWS.docx
2025-10-17 16:57:06,428 - INFO - Generating threat surface document for: DNDNS
2025-10-17 16:57:06,914 - INFO - [OK] Threat surface document saved: outputs_final\word_reports\threat_surface\ThreatSurface-DNDNS.docx
2025-10-17 16:57:06,931 - INFO - Generating threat surface document for: DNENG
2025-10-17 16:57:07,477 - INFO - [OK] Threat surface document saved: outputs_final\word_reports\threat_surface\ThreatSurface-DNENG.docx
2025-10-17 16:57:07,494 - INFO - Generating threat surface document for: DNESR
2025-10-17 16:57:08,134 - INFO - [OK] Threat surface document saved: outputs_final\word_reports\threat_surface\ThreatSurface-DNESR.docx
2025-10-17 16:57:08,156 - INFO - Generating threat surface document for: DNGCM
2025-10-17 16:57:08,856 - INFO - [OK] Threat surface document saved: outputs_final\word_reports\threat_surface\ThreatSurface-DNGCM.docx
2025-10-17 16:57:08,875 - INFO - Generating threat surface document for: DNGFC
2025-10-17 16:57:09,410 - INFO - [OK] Threat surface document saved: outputs_final\word_reports\threat_surface\ThreatSurface-DNGFC.docx
2025-10-17 16:57:09,425 - INFO - Generating threat surface document for: DNHRT
2025-10-17 16:57:09,871 - INFO - [OK] Threat surface document saved: outputs_final\word_reports\threat_surface\ThreatSurface-DNHRT.docx
2025-10-17 16:57:09,886 - INFO - Generating threat surface document for: DNIBS
2025-10-17 16:57:10,404 - INFO - [OK] Threat surface document saved: outputs_final\word_reports\threat_surface\ThreatSurface-DNIBS.docx
2025-10-17 16:57:10,415 - INFO - Generating threat surface document for: DNIDE
2025-10-17 16:57:10,983 - INFO - [OK] Threat surface document saved: outputs_final\word_reports\threat_surface\ThreatSurface-DNIDE.docx
2025-10-17 16:57:10,999 - INFO - Generating threat surface document for: DNINR
2025-10-17 16:57:11,662 - INFO - [OK] Threat surface document saved: outputs_final\word_reports\threat_surface\ThreatSurface-DNINR.docx
2025-10-17 16:57:11,684 - INFO - Generating threat surface document for: DNINT
2025-10-17 16:57:12,431 - INFO - [OK] Threat surface document saved: outputs_final\word_reports\threat_surface\ThreatSurface-DNINT.docx
2025-10-17 16:57:12,451 - INFO - Generating threat surface document for: DNINV
2025-10-17 16:57:13,071 - INFO - [OK] Threat surface document saved: outputs_final\word_reports\threat_surface\ThreatSurface-DNINV.docx
2025-10-17 16:57:13,082 - INFO - Generating threat surface document for: DNLDS
2025-10-17 16:57:13,597 - INFO - [OK] Threat surface document saved: outputs_final\word_reports\threat_surface\ThreatSurface-DNLDS.docx
2025-10-17 16:57:13,617 - INFO - Generating threat surface document for: DNLOC
2025-10-17 16:57:14,204 - INFO - [OK] Threat surface document saved: outputs_final\word_reports\threat_surface\ThreatSurface-DNLOC.docx
2025-10-17 16:57:14,216 - INFO - Generating threat surface document for: DNMCM
2025-10-17 16:57:14,749 - INFO - [OK] Threat surface document saved: outputs_final\word_reports\threat_surface\ThreatSurface-DNMCM.docx
2025-10-17 16:57:14,760 - INFO - Generating threat surface document for: DNMET
2025-10-17 16:57:15,295 - INFO - [OK] Threat surface document saved: outputs_final\word_reports\threat_surface\ThreatSurface-DNMET.docx
2025-10-17 16:57:15,312 - INFO - Generating threat surface document for: DNMLO
2025-10-17 16:57:15,926 - INFO - [OK] Threat surface document saved: outputs_final\word_reports\threat_surface\ThreatSurface-DNMLO.docx
2025-10-17 16:57:15,945 - INFO - Generating threat surface document for: DNMMZ
2025-10-17 16:57:16,547 - INFO - [OK] Threat surface document saved: outputs_final\word_reports\threat_surface\ThreatSurface-DNMMZ.docx
2025-10-17 16:57:16,561 - INFO - Generating threat surface document for: DNPGR
2025-10-17 16:57:17,096 - INFO - [OK] Threat surface document saved: outputs_final\word_reports\threat_surface\ThreatSurface-DNPGR.docx
2025-10-17 16:57:17,110 - INFO - Generating threat surface document for: DNRAS
2025-10-17 16:57:17,646 - INFO - [OK] Threat surface document saved: outputs_final\word_reports\threat_surface\ThreatSurface-DNRAS.docx
2025-10-17 16:57:17,661 - INFO - Generating threat surface document for: DNRCB
2025-10-17 16:57:18,206 - INFO - [OK] Threat surface document saved: outputs_final\word_reports\threat_surface\ThreatSurface-DNRCB.docx
2025-10-17 16:57:18,219 - INFO - Generating threat surface document for: DNRCT
2025-10-17 16:57:18,775 - INFO - [OK] Threat surface document saved: outputs_final\word_reports\threat_surface\ThreatSurface-DNRCT.docx
2025-10-17 16:57:18,789 - INFO - Generating threat surface document for: DNREP
2025-10-17 16:57:19,277 - INFO - [OK] Threat surface document saved: outputs_final\word_reports\threat_surface\ThreatSurface-DNREP.docx
2025-10-17 16:57:19,293 - INFO - Generating threat surface document for: DNRGE
2025-10-17 16:57:19,912 - INFO - [OK] Threat surface document saved: outputs_final\word_reports\threat_surface\ThreatSurface-DNRGE.docx
2025-10-17 16:57:19,923 - INFO - Generating threat surface document for: DNROM
2025-10-17 16:57:20,471 - INFO - [OK] Threat surface document saved: outputs_final\word_reports\threat_surface\ThreatSurface-DNROM.docx
2025-10-17 16:57:20,487 - INFO - Generating threat surface document for: DNRVS
2025-10-17 16:57:21,098 - INFO - [OK] Threat surface document saved: outputs_final\word_reports\threat_surface\ThreatSurface-DNRVS.docx
2025-10-17 16:57:21,112 - INFO - Generating threat surface document for: DNSBT
2025-10-17 16:57:21,753 - INFO - [OK] Threat surface document saved: outputs_final\word_reports\threat_surface\ThreatSurface-DNSBT.docx
2025-10-17 16:57:21,770 - INFO - Generating threat surface document for: DNSCC
2025-10-17 16:57:22,265 - INFO - [OK] Threat surface document saved: outputs_final\word_reports\threat_surface\ThreatSurface-DNSCC.docx
2025-10-17 16:57:22,282 - INFO - Generating threat surface document for: DNSCH
2025-10-17 16:57:22,864 - INFO - [OK] Threat surface document saved: outputs_final\word_reports\threat_surface\ThreatSurface-DNSCH.docx
2025-10-17 16:57:22,881 - INFO - Generating threat surface document for: DNTCB
2025-10-17 16:57:23,509 - INFO - [OK] Threat surface document saved: outputs_final\word_reports\threat_surface\ThreatSurface-DNTCB.docx
2025-10-17 16:57:23,527 - INFO - Generating threat surface document for: DNTCM
2025-10-17 16:57:24,144 - INFO - [OK] Threat surface document saved: outputs_final\word_reports\threat_surface\ThreatSurface-DNTCM.docx
2025-10-17 16:57:24,162 - INFO - Generating threat surface document for: DNWHO
2025-10-17 16:57:24,678 - INFO - [OK] Threat surface document saved: outputs_final\word_reports\threat_surface\ThreatSurface-DNWHO.docx
2025-10-17 16:57:24,694 - INFO - Generating threat surface document for: DNWHS
2025-10-17 16:57:25,193 - INFO - [OK] Threat surface document saved: outputs_final\word_reports\threat_surface\ThreatSurface-DNWHS.docx
2025-10-17 16:57:25,208 - INFO - Generating threat surface document for: DNZEL
2025-10-17 16:57:25,846 - INFO - [OK] Threat surface document saved: outputs_final\word_reports\threat_surface\ThreatSurface-DNZEL.docx
2025-10-17 16:57:25,864 - INFO - Generating threat surface document for: DPAPI
2025-10-17 16:57:26,458 - INFO - [OK] Threat surface document saved: outputs_final\word_reports\threat_surface\ThreatSurface-DPAPI.docx
2025-10-17 16:57:26,479 - INFO - Generating threat surface document for: DSAA
2025-10-17 16:57:27,149 - INFO - [OK] Threat surface document saved: outputs_final\word_reports\threat_surface\ThreatSurface-DSAA.docx
2025-10-17 16:57:27,168 - INFO - Generating threat surface document for: ECL
2025-10-17 16:57:27,802 - INFO - [OK] Threat surface document saved: outputs_final\word_reports\threat_surface\ThreatSurface-ECL.docx
2025-10-17 16:57:27,820 - INFO - Generating threat surface document for: EFW
2025-10-17 16:57:28,526 - INFO - [OK] Threat surface document saved: outputs_final\word_reports\threat_surface\ThreatSurface-EFW.docx
2025-10-17 16:57:28,541 - INFO - Generating threat surface document for: EM
2025-10-17 16:57:29,230 - INFO - [OK] Threat surface document saved: outputs_final\word_reports\threat_surface\ThreatSurface-EM.docx
2025-10-17 16:57:29,247 - INFO - Generating threat surface document for: EMDS
2025-10-17 16:57:29,809 - INFO - [OK] Threat surface document saved: outputs_final\word_reports\threat_surface\ThreatSurface-EMDS.docx
2025-10-17 16:57:29,822 - INFO - Generating threat surface document for: EMGR
2025-10-17 16:57:30,425 - INFO - [OK] Threat surface document saved: outputs_final\word_reports\threat_surface\ThreatSurface-EMGR.docx
2025-10-17 16:57:30,440 - INFO - Generating threat surface document for: END
2025-10-17 16:57:31,100 - INFO - [OK] Threat surface document saved: outputs_final\word_reports\threat_surface\ThreatSurface-END.docx
2025-10-17 16:57:31,118 - INFO - Generating threat surface document for: ENDNC
2025-10-17 16:57:31,661 - INFO - [OK] Threat surface document saved: outputs_final\word_reports\threat_surface\ThreatSurface-ENDNC.docx
2025-10-17 16:57:31,674 - INFO - Generating threat surface document for: ERCPT
2025-10-17 16:57:32,226 - INFO - [OK] Threat surface document saved: outputs_final\word_reports\threat_surface\ThreatSurface-ERCPT.docx
2025-10-17 16:57:32,246 - INFO - Generating threat surface document for: FAAR
2025-10-17 16:57:32,670 - INFO - [OK] Threat surface document saved: outputs_final\word_reports\threat_surface\ThreatSurface-FAAR.docx
2025-10-17 16:57:32,684 - INFO - Generating threat surface document for: FG
2025-10-17 16:57:33,123 - INFO - [OK] Threat surface document saved: outputs_final\word_reports\threat_surface\ThreatSurface-FG.docx
2025-10-17 16:57:33,139 - INFO - Generating threat surface document for: FICPM
2025-10-17 16:57:33,697 - INFO - [OK] Threat surface document saved: outputs_final\word_reports\threat_surface\ThreatSurface-FICPM.docx
2025-10-17 16:57:33,713 - INFO - Generating threat surface document for: FIMSP
2025-10-17 16:57:34,324 - INFO - [OK] Threat surface document saved: outputs_final\word_reports\threat_surface\ThreatSurface-FIMSP.docx
2025-10-17 16:57:34,337 - INFO - Generating threat surface document for: FM
2025-10-17 16:57:34,834 - INFO - [OK] Threat surface document saved: outputs_final\word_reports\threat_surface\ThreatSurface-FM.docx
2025-10-17 16:57:34,852 - INFO - Generating threat surface document for: I3SQL
2025-10-17 16:57:35,461 - INFO - [OK] Threat surface document saved: outputs_final\word_reports\threat_surface\ThreatSurface-I3SQL.docx
2025-10-17 16:57:35,483 - INFO - Generating threat surface document for: IA
2025-10-17 16:57:35,986 - INFO - [OK] Threat surface document saved: outputs_final\word_reports\threat_surface\ThreatSurface-IA.docx
2025-10-17 16:57:36,000 - INFO - Generating threat surface document for: IB
2025-10-17 16:57:36,534 - INFO - [OK] Threat surface document saved: outputs_final\word_reports\threat_surface\ThreatSurface-IB.docx
2025-10-17 16:57:36,554 - INFO - Generating threat surface document for: IMGVF
2025-10-17 16:57:37,072 - INFO - [OK] Threat surface document saved: outputs_final\word_reports\threat_surface\ThreatSurface-IMGVF.docx
2025-10-17 16:57:37,092 - INFO - Generating threat surface document for: ITR
2025-10-17 16:57:37,651 - INFO - [OK] Threat surface document saved: outputs_final\word_reports\threat_surface\ThreatSurface-ITR.docx
2025-10-17 16:57:37,668 - INFO - Generating threat surface document for: IV
2025-10-17 16:57:38,301 - INFO - [OK] Threat surface document saved: outputs_final\word_reports\threat_surface\ThreatSurface-IV.docx
2025-10-17 16:57:38,324 - INFO - Generating threat surface document for: IVGBU
2025-10-17 16:57:38,894 - INFO - [OK] Threat surface document saved: outputs_final\word_reports\threat_surface\ThreatSurface-IVGBU.docx
2025-10-17 16:57:38,912 - INFO - Generating threat surface document for: IVR
2025-10-17 16:57:39,557 - INFO - [OK] Threat surface document saved: outputs_final\word_reports\threat_surface\ThreatSurface-IVR.docx
2025-10-17 16:57:39,577 - INFO - Generating threat surface document for: IVRMC
2025-10-17 16:57:40,215 - INFO - [OK] Threat surface document saved: outputs_final\word_reports\threat_surface\ThreatSurface-IVRMC.docx
2025-10-17 16:57:40,235 - INFO - Generating threat surface document for: IW
2025-10-17 16:57:40,723 - INFO - [OK] Threat surface document saved: outputs_final\word_reports\threat_surface\ThreatSurface-IW.docx
2025-10-17 16:57:40,739 - INFO - Generating threat surface document for: IWDE
2025-10-17 16:57:41,340 - INFO - [OK] Threat surface document saved: outputs_final\word_reports\threat_surface\ThreatSurface-IWDE.docx
2025-10-17 16:57:41,377 - INFO - Generating threat surface document for: IX
2025-10-17 16:57:42,023 - INFO - [OK] Threat surface document saved: outputs_final\word_reports\threat_surface\ThreatSurface-IX.docx
2025-10-17 16:57:42,039 - INFO - Generating threat surface document for: IXCI
2025-10-17 16:57:42,600 - INFO - [OK] Threat surface document saved: outputs_final\word_reports\threat_surface\ThreatSurface-IXCI.docx
2025-10-17 16:57:42,619 - INFO - Generating threat surface document for: IXOF
2025-10-17 16:57:43,215 - INFO - [OK] Threat surface document saved: outputs_final\word_reports\threat_surface\ThreatSurface-IXOF.docx
2025-10-17 16:57:43,236 - INFO - Generating threat surface document for: LB
2025-10-17 16:57:43,766 - INFO - [OK] Threat surface document saved: outputs_final\word_reports\threat_surface\ThreatSurface-LB.docx
2025-10-17 16:57:43,782 - INFO - Generating threat surface document for: LBCC
2025-10-17 16:57:44,314 - INFO - [OK] Threat surface document saved: outputs_final\word_reports\threat_surface\ThreatSurface-LBCC.docx
2025-10-17 16:57:44,334 - INFO - Generating threat surface document for: LBOT
2025-10-17 16:57:44,823 - INFO - [OK] Threat surface document saved: outputs_final\word_reports\threat_surface\ThreatSurface-LBOT.docx
2025-10-17 16:57:44,824 - INFO - ================================================================================
2025-10-17 16:57:44,824 - INFO - Generation Summary:
2025-10-17 16:57:44,824 - INFO -   Total: 140
2025-10-17 16:57:44,824 - INFO -   Success: 140
2025-10-17 16:57:44,824 - INFO -   Failed: 0
2025-10-17 16:57:44,824 - INFO -   Duration: 85.8s
2025-10-17 16:57:44,824 - INFO -   Output: outputs_final\word_reports\threat_surface
2025-10-17 16:57:44,824 - INFO - ================================================================================
